#
# There is insufficient memory for the Java Runtime Environment to continue.
# Native memory allocation (malloc) failed to allocate 1270496 bytes for Chunk::new
# Possible reasons:
#   The system is out of physical RAM or swap space
#   In 32 bit mode, the process size limit was hit
# Possible solutions:
#   Reduce memory load on the system
#   Increase physical memory or swap space
#   Check if swap backing store is full
#   Use 64 bit Java on a 64 bit OS
#   Decrease Java heap size (-Xmx/-Xms)
#   Decrease number of Java threads
#   Decrease Java thread stack sizes (-Xss)
#   Set larger code cache with -XX:ReservedCodeCacheSize=
# This output file may be truncated or incomplete.
#
#  Out of Memory Error (allocation.cpp:388), pid=16764, tid=9252
#
# JRE version: Java(TM) SE Runtime Environment (8.0_11-b12) (build 1.8.0_11-b12)
# Java VM: Java HotSpot(TM) 64-Bit Server VM (25.11-b03 mixed mode windows-amd64 compressed oops)
# Failed to write core dump. Minidumps are not enabled by default on client versions of Windows
#

---------------  T H R E A D  ---------------

Current thread (0x000000001a8c8000):  JavaThread "C2 CompilerThread0" daemon [_thread_in_native, id=9252, stack(0x000000001af00000,0x000000001b000000)]

Stack: [0x000000001af00000,0x000000001b000000]
Native frames: (J=compiled Java code, j=interpreted, Vv=VM code, C=native code)
V  [jvm.dll+0x308eca]
V  [jvm.dll+0x25e121]
V  [jvm.dll+0x25ed33]
V  [jvm.dll+0x256705]
V  [jvm.dll+0xbd2b5]
V  [jvm.dll+0xbd75c]
V  [jvm.dll+0x44d772]
V  [jvm.dll+0x48e3cf]
V  [jvm.dll+0x4427e4]
V  [jvm.dll+0x4439eb]
V  [jvm.dll+0x427722]
V  [jvm.dll+0x96982]
V  [jvm.dll+0x97173]
V  [jvm.dll+0x2234b4]
V  [jvm.dll+0x27bcca]
C  [msvcr100.dll+0x21d9f]
C  [msvcr100.dll+0x21e3b]
C  [KERNEL32.DLL+0x13034]
C  [ntdll.dll+0x73691]


Current CompileTask:
C2:  17367 7213       4       org.springframework.beans.factory.support.AbstractBeanFactory::getType (225 bytes)


---------------  P R O C E S S  ---------------

Java Threads: ( => current thread )
  0x00000000292d8000 JavaThread "elasticsearch[_client_][transport_client_boss][T#16]" daemon [_thread_in_native, id=11116, stack(0x0000000039440000,0x0000000039540000)]
  0x00000000292d5000 JavaThread "DiscoveryClient-CacheRefreshExecutor-0" daemon [_thread_blocked, id=10268, stack(0x0000000038330000,0x0000000038430000)]
  0x00000000292d2800 JavaThread "DiscoveryClient-HeartbeatExecutor-0" daemon [_thread_blocked, id=11672, stack(0x0000000038230000,0x0000000038330000)]
  0x00000000292cf000 JavaThread "elasticsearch[_client_][transport_client_boss][T#15]" daemon [_thread_in_native, id=14132, stack(0x000000002c970000,0x000000002ca70000)]
  0x00000000292d5800 JavaThread "elasticsearch[_client_][generic][T#4]" daemon [_thread_blocked, id=14604, stack(0x000000002c870000,0x000000002c970000)]
  0x00000000292cb000 JavaThread "Keep-Alive-Timer" daemon [_thread_blocked, id=12792, stack(0x000000002c770000,0x000000002c870000)]
  0x00000000292cc800 JavaThread "PollingServerListUpdater-1" daemon [_thread_blocked, id=20928, stack(0x000000002b6a0000,0x000000002b7a0000)]
  0x00000000292ce000 JavaThread "DataPublisher" daemon [_thread_blocked, id=10500, stack(0x000000002b3a0000,0x000000002b4a0000)]
  0x00000000292d2000 JavaThread "DiscoveryClient-InstanceInfoReplicator-0" daemon [_thread_blocked, id=20708, stack(0x000000002b2a0000,0x000000002b3a0000)]
  0x00000000292cd800 JavaThread "DiscoveryClient-1" daemon [_thread_blocked, id=12724, stack(0x000000002af90000,0x000000002b090000)]
  0x00000000292ca800 JavaThread "DiscoveryClient-0" daemon [_thread_blocked, id=516, stack(0x000000002ae90000,0x000000002af90000)]
  0x00000000292cc000 JavaThread "AsyncResolver-bootstrap-0" daemon [_thread_blocked, id=9864, stack(0x000000002ab90000,0x000000002ac90000)]
  0x00000000292d1000 JavaThread "Eureka-JerseyClient-Conn-Cleaner2" daemon [_thread_blocked, id=13036, stack(0x000000002aa90000,0x000000002ab90000)]
  0x00000000292d0800 JavaThread "PollingServerListUpdater-0" daemon [_thread_blocked, id=12076, stack(0x000000002a790000,0x000000002a890000)]
  0x00000000292cf800 JavaThread "NFLoadBalancer-PingTimer-item-service" daemon [_thread_blocked, id=14908, stack(0x000000002a690000,0x000000002a790000)]
  0x000000001bf03800 JavaThread "RibbonApacheHttpClientConfiguration.connectionManagerTimer" daemon [_thread_blocked, id=16148, stack(0x000000002a390000,0x000000002a490000)]
  0x000000001bf00800 JavaThread "spring.cloud.inetutils" daemon [_thread_blocked, id=1964, stack(0x0000000028fb0000,0x00000000290b0000)]
  0x000000001bf00000 JavaThread "elasticsearch[_client_][generic][T#3]" daemon [_thread_blocked, id=23036, stack(0x0000000026970000,0x0000000026a70000)]
  0x000000001bf03000 JavaThread "elasticsearch[_client_][generic][T#2]" daemon [_thread_blocked, id=23456, stack(0x0000000025860000,0x0000000025960000)]
  0x000000001beff000 JavaThread "elasticsearch[_client_][transport_client_boss][T#14]" daemon [_thread_in_native, id=12968, stack(0x0000000024750000,0x0000000024850000)]
  0x000000001bf02000 JavaThread "elasticsearch[_client_][transport_client_boss][T#13]" daemon [_thread_in_native, id=4920, stack(0x0000000024650000,0x0000000024750000)]
  0x000000001bf01800 JavaThread "elasticsearch[_client_][transport_client_boss][T#12]" daemon [_thread_in_native, id=11092, stack(0x0000000024550000,0x0000000024650000)]
  0x000000001befe800 JavaThread "elasticsearch[_client_][transport_client_boss][T#11]" daemon [_thread_in_native, id=17052, stack(0x0000000024450000,0x0000000024550000)]
  0x000000001befd800 JavaThread "elasticsearch[_client_][transport_client_boss][T#10]" daemon [_thread_in_native, id=20620, stack(0x0000000024350000,0x0000000024450000)]
  0x000000001befd000 JavaThread "elasticsearch[_client_][transport_client_boss][T#9]" daemon [_thread_in_native, id=16052, stack(0x0000000024250000,0x0000000024350000)]
  0x000000001f760800 JavaThread "elasticsearch[_client_][transport_client_boss][T#8]" daemon [_thread_in_native, id=14464, stack(0x0000000024150000,0x0000000024250000)]
  0x000000001f760000 JavaThread "elasticsearch[_client_][transport_client_boss][T#7]" daemon [_thread_in_native, id=8388, stack(0x0000000024050000,0x0000000024150000)]
  0x000000001f75f000 JavaThread "elasticsearch[_client_][transport_client_boss][T#6]" daemon [_thread_in_native, id=15140, stack(0x0000000023f50000,0x0000000024050000)]
  0x000000001f103800 JavaThread "elasticsearch[_client_][transport_client_boss][T#5]" daemon [_thread_in_native, id=3424, stack(0x0000000023e50000,0x0000000023f50000)]
  0x000000001f102800 JavaThread "elasticsearch[_client_][transport_client_boss][T#4]" daemon [_thread_in_native, id=13688, stack(0x0000000023d50000,0x0000000023e50000)]
  0x000000001fc99000 JavaThread "elasticsearch[_client_][transport_client_boss][T#3]" daemon [_thread_in_native, id=20972, stack(0x0000000023c50000,0x0000000023d50000)]
  0x000000001dbba800 JavaThread "elasticsearch[_client_][transport_client_boss][T#2]" daemon [_thread_in_native, id=4452, stack(0x0000000023a50000,0x0000000023b50000)]
  0x000000001fabd800 JavaThread "elasticsearch[_client_][generic][T#1]" daemon [_thread_blocked, id=21044, stack(0x0000000023950000,0x0000000023a50000)]
  0x000000001f8db800 JavaThread "elasticsearch[_client_][transport_client_boss][T#1]" daemon [_thread_in_native, id=18272, stack(0x0000000020970000,0x0000000020a70000)]
  0x000000001b9c2800 JavaThread "elasticsearch[_client_][scheduler][T#1]" daemon [_thread_blocked, id=1004, stack(0x0000000020270000,0x0000000020370000)]
  0x000000001e93a000 JavaThread "elasticsearch[_client_][[timer]]" daemon [_thread_blocked, id=22356, stack(0x000000001ff20000,0x0000000020020000)]
  0x000000001a959800 JavaThread "Service Thread" daemon [_thread_blocked, id=6668, stack(0x000000001b300000,0x000000001b400000)]
  0x000000001a8d3000 JavaThread "C1 CompilerThread3" daemon [_thread_blocked, id=20140, stack(0x000000001b200000,0x000000001b300000)]
  0x000000001a8cc000 JavaThread "C2 CompilerThread2" daemon [_thread_blocked, id=1808, stack(0x000000001b100000,0x000000001b200000)]
  0x000000001a8c9000 JavaThread "C2 CompilerThread1" daemon [_thread_in_native, id=3592, stack(0x000000001b000000,0x000000001b100000)]
=>0x000000001a8c8000 JavaThread "C2 CompilerThread0" daemon [_thread_in_native, id=9252, stack(0x000000001af00000,0x000000001b000000)]
  0x000000001a8af000 JavaThread "Monitor Ctrl-Break" daemon [_thread_in_native, id=14476, stack(0x000000001ae00000,0x000000001af00000)]
  0x000000001a897000 JavaThread "Attach Listener" daemon [_thread_blocked, id=16428, stack(0x000000001ad00000,0x000000001ae00000)]
  0x000000001a844800 JavaThread "Signal Dispatcher" daemon [_thread_blocked, id=18288, stack(0x000000001ac00000,0x000000001ad00000)]
  0x000000000375c000 JavaThread "Finalizer" daemon [_thread_blocked, id=18716, stack(0x000000001a700000,0x000000001a800000)]
  0x000000001881c000 JavaThread "Reference Handler" daemon [_thread_blocked, id=21964, stack(0x000000001a600000,0x000000001a700000)]
  0x0000000003662800 JavaThread "main" [_thread_in_native, id=1424, stack(0x0000000003560000,0x0000000003660000)]

Other Threads:
  0x0000000018817000 VMThread [stack: 0x000000001a500000,0x000000001a600000] [id=2220]
  0x000000001a95b800 WatcherThread [stack: 0x000000001b400000,0x000000001b500000] [id=13568]

VM state:not at safepoint (normal execution)

VM Mutex/Monitor currently owned by a thread: None

Heap:
 PSYoungGen      total 126976K, used 56631K [0x00000000d5c00000, 0x00000000de980000, 0x0000000100000000)
  eden space 114688K, 49% used [0x00000000d5c00000,0x00000000d934dcb8,0x00000000dcc00000)
  from space 12288K, 0% used [0x00000000dda00000,0x00000000dda00000,0x00000000de600000)
  to   space 14336K, 0% used [0x00000000dcc00000,0x00000000dcc00000,0x00000000dda00000)
 ParOldGen       total 144384K, used 133533K [0x0000000081400000, 0x000000008a100000, 0x00000000d5c00000)
  object space 144384K, 92% used [0x0000000081400000,0x00000000896675a8,0x000000008a100000)
 Metaspace       used 68078K, capacity 71572K, committed 71856K, reserved 1112064K
  class space    used 9363K, capacity 10072K, committed 10160K, reserved 1048576K

Card table byte_map: [0x0000000012c20000,0x0000000013020000] byte_map_base: 0x0000000012816000

Marking Bits: (ParMarkBitMap*) 0x0000000057c312b0
 Begin Bits: [0x0000000013ad0000, 0x0000000015a80000)
 End Bits:   [0x0000000015a80000, 0x0000000017a30000)

Polling page: 0x0000000001720000

CodeCache: size=245760Kb used=21818Kb max_used=21818Kb free=223941Kb
 bounds [0x0000000003860000, 0x0000000004dd0000, 0x0000000012860000]
 total_blobs=7081 nmethods=6483 adapters=509
 compilation: enabled

Compilation events (10 events):
Event: 17.265 Thread 0x000000001a8d3000 nmethod 7209 0x0000000004da3310 code [0x0000000004da3460, 0x0000000004da3590]
Event: 17.269 Thread 0x000000001a8d3000 7210       3       com.fasterxml.jackson.databind.ser.DefaultSerializerProvider$Impl::createInstance (7 bytes)
Event: 17.269 Thread 0x000000001a8d3000 nmethod 7210 0x0000000004db4510 code [0x0000000004db46a0, 0x0000000004db4a48]
Event: 17.269 Thread 0x000000001a8d3000 7211       3       com.fasterxml.jackson.databind.ser.DefaultSerializerProvider$Impl::createInstance (11 bytes)
Event: 17.270 Thread 0x000000001a8d3000 nmethod 7211 0x0000000004db8410 code [0x0000000004db8580, 0x0000000004db8848]
Event: 17.275 Thread 0x000000001a8cc000 7212   !   4       java.nio.charset.CharsetEncoder::encode (285 bytes)
Event: 17.286 Thread 0x000000001a8c8000 7213       4       org.springframework.beans.factory.support.AbstractBeanFactory::getType (225 bytes)
Event: 17.288 Thread 0x000000001a8cc000 nmethod 7212 0x0000000004dba9d0 code [0x0000000004dbac80, 0x0000000004dbb530]
Event: 17.337 Thread 0x000000001a8d3000 7214       3       com.leyou.service.SearchService::bulidGoods (675 bytes)
Event: 17.343 Thread 0x000000001a8d3000 nmethod 7214 0x0000000004dbc110 code [0x0000000004dbcb00, 0x0000000004dc3018]

GC Heap History (10 events):
Event: 9.140 GC heap before
{Heap before GC invocations=35 (full 5):
 PSYoungGen      total 114176K, used 105977K [0x00000000d5c00000, 0x00000000dde80000, 0x0000000100000000)
  eden space 102400K, 100% used [0x00000000d5c00000,0x00000000dc000000,0x00000000dc000000)
  from space 11776K, 30% used [0x00000000dc000000,0x00000000dc37e5b0,0x00000000dcb80000)
  to   space 11264K, 0% used [0x00000000dd380000,0x00000000dd380000,0x00000000dde80000)
 ParOldGen       total 144384K, used 104497K [0x0000000081400000, 0x000000008a100000, 0x00000000d5c00000)
  object space 144384K, 72% used [0x0000000081400000,0x0000000087a0c6d0,0x000000008a100000)
 Metaspace       used 56971K, capacity 60076K, committed 60208K, reserved 1101824K
  class space    used 7829K, capacity 8492K, committed 8496K, reserved 1048576K
Event: 9.147 GC heap after
Heap after GC invocations=35 (full 5):
 PSYoungGen      total 118272K, used 4436K [0x00000000d5c00000, 0x00000000ddc00000, 0x0000000100000000)
  eden space 109568K, 0% used [0x00000000d5c00000,0x00000000d5c00000,0x00000000dc700000)
  from space 8704K, 50% used [0x00000000dd380000,0x00000000dd7d5230,0x00000000ddc00000)
  to   space 10752K, 0% used [0x00000000dc700000,0x00000000dc700000,0x00000000dd180000)
 ParOldGen       total 144384K, used 104505K [0x0000000081400000, 0x000000008a100000, 0x00000000d5c00000)
  object space 144384K, 72% used [0x0000000081400000,0x0000000087a0e6d0,0x000000008a100000)
 Metaspace       used 56971K, capacity 60076K, committed 60208K, reserved 1101824K
  class space    used 7829K, capacity 8492K, committed 8496K, reserved 1048576K
}
Event: 9.911 GC heap before
{Heap before GC invocations=36 (full 5):
 PSYoungGen      total 118272K, used 114004K [0x00000000d5c00000, 0x00000000ddc00000, 0x0000000100000000)
  eden space 109568K, 100% used [0x00000000d5c00000,0x00000000dc700000,0x00000000dc700000)
  from space 8704K, 50% used [0x00000000dd380000,0x00000000dd7d5230,0x00000000ddc00000)
  to   space 10752K, 0% used [0x00000000dc700000,0x00000000dc700000,0x00000000dd180000)
 ParOldGen       total 144384K, used 104505K [0x0000000081400000, 0x000000008a100000, 0x00000000d5c00000)
  object space 144384K, 72% used [0x0000000081400000,0x0000000087a0e6d0,0x000000008a100000)
 Metaspace       used 62237K, capacity 65460K, committed 65712K, reserved 1105920K
  class space    used 8643K, capacity 9332K, committed 9392K, reserved 1048576K
Event: 9.921 GC heap after
Heap after GC invocations=36 (full 5):
 PSYoungGen      total 120320K, used 10743K [0x00000000d5c00000, 0x00000000de600000, 0x0000000100000000)
  eden space 109568K, 0% used [0x00000000d5c00000,0x00000000d5c00000,0x00000000dc700000)
  from space 10752K, 99% used [0x00000000dc700000,0x00000000dd17dea8,0x00000000dd180000)
  to   space 12288K, 0% used [0x00000000dda00000,0x00000000dda00000,0x00000000de600000)
 ParOldGen       total 144384K, used 105040K [0x0000000081400000, 0x000000008a100000, 0x00000000d5c00000)
  object space 144384K, 72% used [0x0000000081400000,0x0000000087a941b8,0x000000008a100000)
 Metaspace       used 62237K, capacity 65460K, committed 65712K, reserved 1105920K
  class space    used 8643K, capacity 9332K, committed 9392K, reserved 1048576K
}
Event: 11.728 GC heap before
{Heap before GC invocations=37 (full 5):
 PSYoungGen      total 120320K, used 103945K [0x00000000d5c00000, 0x00000000de600000, 0x0000000100000000)
  eden space 109568K, 85% used [0x00000000d5c00000,0x00000000db704800,0x00000000dc700000)
  from space 10752K, 99% used [0x00000000dc700000,0x00000000dd17dea8,0x00000000dd180000)
  to   space 12288K, 0% used [0x00000000dda00000,0x00000000dda00000,0x00000000de600000)
 ParOldGen       total 144384K, used 105040K [0x0000000081400000, 0x000000008a100000, 0x00000000d5c00000)
  object space 144384K, 72% used [0x0000000081400000,0x0000000087a941b8,0x000000008a100000)
 Metaspace       used 67042K, capacity 70396K, committed 70448K, reserved 1110016K
  class space    used 9279K, capacity 9992K, committed 10032K, reserved 1048576K
Event: 11.738 GC heap after
Heap after GC invocations=37 (full 5):
 PSYoungGen      total 126976K, used 12173K [0x00000000d5c00000, 0x00000000de980000, 0x0000000100000000)
  eden space 114688K, 0% used [0x00000000d5c00000,0x00000000d5c00000,0x00000000dcc00000)
  from space 12288K, 99% used [0x00000000dda00000,0x00000000de5e3678,0x00000000de600000)
  to   space 14336K, 0% used [0x00000000dcc00000,0x00000000dcc00000,0x00000000dda00000)
 ParOldGen       total 144384K, used 105048K [0x0000000081400000, 0x000000008a100000, 0x00000000d5c00000)
  object space 144384K, 72% used [0x0000000081400000,0x0000000087a961b8,0x000000008a100000)
 Metaspace       used 67042K, capacity 70396K, committed 70448K, reserved 1110016K
  class space    used 9279K, capacity 9992K, committed 10032K, reserved 1048576K
}
Event: 16.759 GC heap before
{Heap before GC invocations=38 (full 5):
 PSYoungGen      total 126976K, used 113676K [0x00000000d5c00000, 0x00000000de980000, 0x0000000100000000)
  eden space 114688K, 88% used [0x00000000d5c00000,0x00000000dbf1f990,0x00000000dcc00000)
  from space 12288K, 99% used [0x00000000dda00000,0x00000000de5e3678,0x00000000de600000)
  to   space 14336K, 0% used [0x00000000dcc00000,0x00000000dcc00000,0x00000000dda00000)
 ParOldGen       total 144384K, used 105048K [0x0000000081400000, 0x000000008a100000, 0x00000000d5c00000)
  object space 144384K, 72% used [0x0000000081400000,0x0000000087a961b8,0x000000008a100000)
 Metaspace       used 68104K, capacity 71642K, committed 71856K, reserved 1112064K
  class space    used 9376K, capacity 10095K, committed 10160K, reserved 1048576K
Event: 16.789 GC heap after
Heap after GC invocations=38 (full 5):
 PSYoungGen      total 126976K, used 113676K [0x00000000d5c00000, 0x00000000de980000, 0x0000000100000000)
  eden space 114688K, 88% used [0x00000000d5c00000,0x00000000dbf1f990,0x00000000dcc00000)
  from space 12288K, 99% used [0x00000000dda00000,0x00000000de5e3678,0x00000000de600000)
  to   space 14336K, 83% used [0x00000000dcc00000,0x00000000dd7a80d0,0x00000000dda00000)
 ParOldGen       total 144384K, used 137824K [0x0000000081400000, 0x000000008a100000, 0x00000000d5c00000)
  object space 144384K, 95% used [0x0000000081400000,0x0000000089a981d8,0x000000008a100000)
 Metaspace       used 68104K, capacity 71642K, committed 71856K, reserved 1112064K
  class space    used 9376K, capacity 10095K, committed 10160K, reserved 1048576K
}
Event: 16.789 GC heap before
{Heap before GC invocations=39 (full 6):
 PSYoungGen      total 126976K, used 113676K [0x00000000d5c00000, 0x00000000de980000, 0x0000000100000000)
  eden space 114688K, 88% used [0x00000000d5c00000,0x00000000dbf1f990,0x00000000dcc00000)
  from space 12288K, 99% used [0x00000000dda00000,0x00000000de5e3678,0x00000000de600000)
  to   space 14336K, 83% used [0x00000000dcc00000,0x00000000dd7a80d0,0x00000000dda00000)
 ParOldGen       total 144384K, used 137824K [0x0000000081400000, 0x000000008a100000, 0x00000000d5c00000)
  object space 144384K, 95% used [0x0000000081400000,0x0000000089a981d8,0x000000008a100000)
 Metaspace       used 68104K, capacity 71642K, committed 71856K, reserved 1112064K
  class space    used 9376K, capacity 10095K, committed 10160K, reserved 1048576K
Event: 16.999 GC heap after
Heap after GC invocations=39 (full 6):
 PSYoungGen      total 126976K, used 27327K [0x00000000d5c00000, 0x00000000de980000, 0x0000000100000000)
  eden space 114688K, 23% used [0x00000000d5c00000,0x00000000d76afc08,0x00000000dcc00000)
  from space 12288K, 0% used [0x00000000dda00000,0x00000000dda00000,0x00000000de600000)
  to   space 14336K, 0% used [0x00000000dcc00000,0x00000000dcc00000,0x00000000dda00000)
 ParOldGen       total 144384K, used 133533K [0x0000000081400000, 0x000000008a100000, 0x00000000d5c00000)
  object space 144384K, 92% used [0x0000000081400000,0x00000000896675a8,0x000000008a100000)
 Metaspace       used 68067K, capacity 71562K, committed 71856K, reserved 1112064K
  class space    used 9362K, capacity 10071K, committed 10160K, reserved 1048576K
}

Deoptimization events (10 events):
Event: 11.373 Thread 0x0000000003662800 Uncommon trap: reason=class_check action=maybe_recompile pc=0x0000000003c5a144 method=org.apache.commons.logging.LogFactory$Log4jLog.isDebugEnabled()Z @ 7
Event: 11.378 Thread 0x0000000003662800 Uncommon trap: reason=class_check action=maybe_recompile pc=0x0000000003c5a144 method=org.apache.commons.logging.LogFactory$Log4jLog.isDebugEnabled()Z @ 7
Event: 11.378 Thread 0x0000000003662800 Uncommon trap: reason=class_check action=maybe_recompile pc=0x0000000003c5a144 method=org.apache.commons.logging.LogFactory$Log4jLog.isDebugEnabled()Z @ 7
Event: 11.378 Thread 0x0000000003662800 Uncommon trap: reason=class_check action=maybe_recompile pc=0x0000000003c5a144 method=org.apache.commons.logging.LogFactory$Log4jLog.isDebugEnabled()Z @ 7
Event: 11.881 Thread 0x000000001befd000 Uncommon trap: reason=unreached action=reinterpret pc=0x0000000003a5b828 method=java.lang.AbstractStringBuilder.append(Ljava/lang/String;)Ljava/lang/AbstractStringBuilder; @ 1
Event: 11.881 Thread 0x000000001beff000 Uncommon trap: reason=unreached action=reinterpret pc=0x0000000003a5b828 method=java.lang.AbstractStringBuilder.append(Ljava/lang/String;)Ljava/lang/AbstractStringBuilder; @ 1
Event: 11.881 Thread 0x000000001f760000 Uncommon trap: reason=unreached action=reinterpret pc=0x0000000003a5b828 method=java.lang.AbstractStringBuilder.append(Ljava/lang/String;)Ljava/lang/AbstractStringBuilder; @ 1
Event: 11.881 Thread 0x000000001bf02000 Uncommon trap: reason=unreached action=reinterpret pc=0x0000000003a5b828 method=java.lang.AbstractStringBuilder.append(Ljava/lang/String;)Ljava/lang/AbstractStringBuilder; @ 1
Event: 11.881 Thread 0x000000001f760800 Uncommon trap: reason=unreached action=reinterpret pc=0x0000000003a5b828 method=java.lang.AbstractStringBuilder.append(Ljava/lang/String;)Ljava/lang/AbstractStringBuilder; @ 1
Event: 11.882 Thread 0x000000001befd000 Uncommon trap: reason=unreached action=reinterpret pc=0x0000000003a4852c method=java.lang.AbstractStringBuilder.append(Ljava/lang/String;)Ljava/lang/AbstractStringBuilder; @ 1

Internal exceptions (10 events):
Event: 17.005 Thread 0x000000001f760800 Exception <a 'java/security/PrivilegedActionException'> (0x00000000d8ab99e8) thrown at [C:\re\workspace\8-2-build-windows-amd64-cygwin\jdk8u11\648\hotspot\src\share\vm\prims\jvm.cpp, line 1248]
Event: 17.005 Thread 0x000000001f760800 Exception <a 'java/security/PrivilegedActionException'> (0x00000000d8b94048) thrown at [C:\re\workspace\8-2-build-windows-amd64-cygwin\jdk8u11\648\hotspot\src\share\vm\prims\jvm.cpp, line 1248]
Event: 17.005 Thread 0x000000001f760800 Exception <a 'java/lang/ClassNotFoundException': org.elasticsearch.transport.netty4.Netty4Transport$$Lambda$1008/9539718> (0x00000000d8b94448) thrown at [C:\re\workspace\8-2-build-windows-amd64-cygwin\jdk8u11\648\hotspot\src\share\vm\prims\jni.cpp, line 74ˆ}ÿU}1@
Event: 17.006 Thread 0x000000001f760000 Exception <a 'java/security/PrivilegedActionException'> (0x00000000d8af7108) thrown at [C:\re\workspace\8-2-build-windows-amd64-cygwin\jdk8u11\648\hotspot\src\share\vm\prims\jvm.cpp, line 1248]
Event: 17.006 Thread 0x000000001beff000 Exception <a 'java/lang/OutOfMemoryError'> (0x00000000d86cd410) thrown at [C:\re\workspace\8-2-build-windows-amd64-cygwin\jdk8u11\648\hotspot\src\share\vm\prims\unsafe.cpp, line 595]
Event: 17.007 Thread 0x000000001f760000 Exception <a 'java/security/PrivilegedActionException'> (0x00000000d8c0b408) thrown at [C:\re\workspace\8-2-build-windows-amd64-cygwin\jdk8u11\648\hotspot\src\share\vm\prims\jvm.cpp, line 1248]
Event: 17.007 Thread 0x000000001f760000 Exception <a 'java/lang/ClassNotFoundException': org.elasticsearch.transport.netty4.Netty4Transport$$Lambda$1008/9539718> (0x00000000d8c0b808) thrown at [C:\re\workspace\8-2-build-windows-amd64-cygwin\jdk8u11\648\hotspot\src\share\vm\prims\jni.cpp, line 74Ë]KLÑ1@
Event: 17.010 Thread 0x000000001beff000 Exception <a 'java/security/PrivilegedActionException'> (0x00000000d8c8eb20) thrown at [C:\re\workspace\8-2-build-windows-amd64-cygwin\jdk8u11\648\hotspot\src\share\vm\prims\jvm.cpp, line 1248]
Event: 17.010 Thread 0x000000001beff000 Exception <a 'java/security/PrivilegedActionException'> (0x00000000d8cac518) thrown at [C:\re\workspace\8-2-build-windows-amd64-cygwin\jdk8u11\648\hotspot\src\share\vm\prims\jvm.cpp, line 1248]
Event: 17.011 Thread 0x000000001beff000 Exception <a 'java/lang/ClassNotFoundException': org.elasticsearch.transport.netty4.Netty4Transport$$Lambda$1008/9539718> (0x00000000d8cac918) thrown at [C:\re\workspace\8-2-build-windows-amd64-cygwin\jdk8u11\648\hotspot\src\share\vm\prims\jni.cpp, line 74ΩGh71@

Events (10 events):
Event: 17.007 Thread 0x00000000292d6800 Thread exited: 0x00000000292d6800
Event: 17.008 Thread 0x00000000292d9800 Thread added: 0x00000000292d9800
Event: 17.008 Thread 0x00000000292d8800 Thread exited: 0x00000000292d8800
Event: 17.008 Executing VM operation: RevokeBias
Event: 17.008 Executing VM operation: RevokeBias done
Event: 17.008 Executing VM operation: RevokeBias
Event: 17.009 Executing VM operation: RevokeBias done
Event: 17.009 Executing VM operation: RevokeBias
Event: 17.009 Executing VM operation: RevokeBias done
Event: 17.009 Thread 0x00000000292d9800 Thread exited: 0x00000000292d9800


Dynamic libraries:
0x00007ff66b900000 - 0x00007ff66b934000 	D:\Java\bin\java.exe
0x00007ffe41ad0000 - 0x00007ffe41cb1000 	C:\WINDOWS\SYSTEM32\ntdll.dll
0x00007ffe3fad0000 - 0x00007ffe3fb82000 	C:\WINDOWS\System32\KERNEL32.DLL
0x00007ffe3ea00000 - 0x00007ffe3ec73000 	C:\WINDOWS\System32\KERNELBASE.dll
0x00007ffe3f700000 - 0x00007ffe3f7a1000 	C:\WINDOWS\System32\ADVAPI32.dll
0x00007ffe418a0000 - 0x00007ffe4193e000 	C:\WINDOWS\System32\msvcrt.dll
0x00007ffe3f940000 - 0x00007ffe3f99b000 	C:\WINDOWS\System32\sechost.dll
0x00007ffe3f9a0000 - 0x00007ffe3fac4000 	C:\WINDOWS\System32\RPCRT4.dll
0x00007ffe40220000 - 0x00007ffe403b0000 	C:\WINDOWS\System32\USER32.dll
0x00007ffe3dea0000 - 0x00007ffe3dec0000 	C:\WINDOWS\System32\win32u.dll
0x00007ffe3f830000 - 0x00007ffe3f858000 	C:\WINDOWS\System32\GDI32.dll
0x00007ffe3e860000 - 0x00007ffe3e9f2000 	C:\WINDOWS\System32\gdi32full.dll
0x00007ffe3eec0000 - 0x00007ffe3ef5f000 	C:\WINDOWS\System32\msvcp_win.dll
0x00007ffe3e760000 - 0x00007ffe3e85a000 	C:\WINDOWS\System32\ucrtbase.dll
0x00007ffe31b90000 - 0x00007ffe31df9000 	C:\WINDOWS\WinSxS\amd64_microsoft.windows.common-controls_6595b64144ccf1df_6.0.17134.523_none_fb409dd930672a56\COMCTL32.dll
0x00007ffe3ef60000 - 0x00007ffe3f282000 	C:\WINDOWS\System32\combase.dll
0x00007ffe3e680000 - 0x00007ffe3e6fa000 	C:\WINDOWS\System32\bcryptPrimitives.dll
0x00007ffe401f0000 - 0x00007ffe4021d000 	C:\WINDOWS\System32\IMM32.DLL
0x0000000057cb0000 - 0x0000000057d82000 	D:\Java\jre\bin\msvcr100.dll
0x0000000057480000 - 0x0000000057caa000 	D:\Java\jre\bin\server\jvm.dll
0x00007ffe3fb90000 - 0x00007ffe3fb98000 	C:\WINDOWS\System32\PSAPI.DLL
0x00007ffe396c0000 - 0x00007ffe396e3000 	C:\WINDOWS\SYSTEM32\WINMM.dll
0x00007ffe25c70000 - 0x00007ffe25c79000 	C:\WINDOWS\SYSTEM32\WSOCK32.dll
0x00007ffe41a30000 - 0x00007ffe41a9c000 	C:\WINDOWS\System32\WS2_32.dll
0x00007ffe391d0000 - 0x00007ffe391fa000 	C:\WINDOWS\SYSTEM32\WINMMBASE.dll
0x00007ffe3ee70000 - 0x00007ffe3eeb9000 	C:\WINDOWS\System32\cfgmgr32.dll
0x0000000057470000 - 0x000000005747f000 	D:\Java\jre\bin\verify.dll
0x0000000057440000 - 0x0000000057468000 	D:\Java\jre\bin\java.dll
0x00000000573f0000 - 0x0000000057413000 	D:\Java\jre\bin\instrument.dll
0x0000000057420000 - 0x0000000057436000 	D:\Java\jre\bin\zip.dll
0x00007ffe40460000 - 0x00007ffe418a0000 	C:\WINDOWS\System32\SHELL32.dll
0x00007ffe403b0000 - 0x00007ffe40459000 	C:\WINDOWS\System32\shcore.dll
0x00007ffe3df70000 - 0x00007ffe3e67d000 	C:\WINDOWS\System32\windows.storage.dll
0x00007ffe3f870000 - 0x00007ffe3f8c1000 	C:\WINDOWS\System32\shlwapi.dll
0x00007ffe3de60000 - 0x00007ffe3de71000 	C:\WINDOWS\System32\kernel.appcore.dll
0x00007ffe3de80000 - 0x00007ffe3de9f000 	C:\WINDOWS\System32\profapi.dll
0x00007ffe3de10000 - 0x00007ffe3de5c000 	C:\WINDOWS\System32\powrprof.dll
0x00007ffe3dde0000 - 0x00007ffe3ddea000 	C:\WINDOWS\System32\FLTLIB.DLL
0x00007ffe3a770000 - 0x00007ffe3a78a000 	D:\IntelliJ IDEA 2018.3.1\bin\breakgen64.dll
0x00000000573d0000 - 0x00000000573ea000 	D:\Java\jre\bin\net.dll
0x00007ffe3d660000 - 0x00007ffe3d6c6000 	C:\WINDOWS\system32\mswsock.dll
0x00000000573b0000 - 0x00000000573c1000 	D:\Java\jre\bin\nio.dll
0x00007ffe3d3e0000 - 0x00007ffe3d418000 	C:\WINDOWS\SYSTEM32\IPHLPAPI.DLL
0x00007ffe3f8d0000 - 0x00007ffe3f8d8000 	C:\WINDOWS\System32\NSI.dll
0x00007ffe38600000 - 0x00007ffe38616000 	C:\WINDOWS\SYSTEM32\dhcpcsvc6.DLL
0x00007ffe385c0000 - 0x00007ffe385da000 	C:\WINDOWS\SYSTEM32\dhcpcsvc.DLL
0x00007ffe3d420000 - 0x00007ffe3d4de000 	C:\WINDOWS\SYSTEM32\DNSAPI.dll
0x00007ffe37940000 - 0x00007ffe3794a000 	C:\Windows\System32\rasadhlp.dll
0x00007ffe36a80000 - 0x00007ffe36af2000 	C:\WINDOWS\System32\fwpuclnt.dll
0x00007ffe3d940000 - 0x00007ffe3d965000 	C:\WINDOWS\SYSTEM32\bcrypt.dll
0x00000000573a0000 - 0x00000000573ad000 	D:\Java\jre\bin\management.dll
0x00007ffe25f90000 - 0x00007ffe25fa6000 	C:\WINDOWS\system32\napinsp.dll
0x00007ffe25eb0000 - 0x00007ffe25eca000 	C:\WINDOWS\system32\pnrpnsp.dll
0x00007ffe3ab10000 - 0x00007ffe3ab29000 	C:\WINDOWS\system32\NLAapi.dll
0x00007ffe25ea0000 - 0x00007ffe25eae000 	C:\WINDOWS\System32\winrnr.dll
0x00007ffe24c10000 - 0x00007ffe24c25000 	C:\WINDOWS\System32\wshbth.dll
0x00007ffe3d810000 - 0x00007ffe3d827000 	C:\WINDOWS\SYSTEM32\CRYPTSP.dll
0x00007ffe3d240000 - 0x00007ffe3d273000 	C:\WINDOWS\system32\rsaenh.dll
0x00007ffe3dce0000 - 0x00007ffe3dd08000 	C:\WINDOWS\SYSTEM32\USERENV.dll
0x00007ffe3d830000 - 0x00007ffe3d83b000 	C:\WINDOWS\SYSTEM32\CRYPTBASE.dll
0x0000000057370000 - 0x0000000057394000 	D:\Java\jre\bin\sunec.dll
0x00007ffe25cd0000 - 0x00007ffe25e99000 	C:\WINDOWS\SYSTEM32\dbghelp.dll

VM Arguments:
jvm_args: -ea -Didea.test.cyclic.buffer.size=1048576 -javaagent:D:\IntelliJ IDEA 2018.3.1\lib\idea_rt.jar=52235:D:\IntelliJ IDEA 2018.3.1\bin -Dfile.encoding=UTF-8 
java_command: com.intellij.rt.execution.junit.JUnitStarter -ideVersion5 -junit4 @w@C:\TMP\idea_working_dirs_junit.tmp @C:\TMP\idea_junit.tmp
java_class_path (initial): D:\IntelliJ IDEA 2018.3.1\lib\idea_rt.jar;D:\IntelliJ IDEA 2018.3.1\plugins\junit\lib\junit-rt.jar;D:\IntelliJ IDEA 2018.3.1\plugins\junit\lib\junit5-rt.jar;D:\Java\jre\lib\charsets.jar;D:\Java\jre\lib\deploy.jar;D:\Java\jre\lib\ext\access-bridge-64.jar;D:\Java\jre\lib\ext\cldrdata.jar;D:\Java\jre\lib\ext\dnsns.jar;D:\Java\jre\lib\ext\jaccess.jar;D:\Java\jre\lib\ext\jfxrt.jar;D:\Java\jre\lib\ext\localedata.jar;D:\Java\jre\lib\ext\nashorn.jar;D:\Java\jre\lib\ext\sunec.jar;D:\Java\jre\lib\ext\sunjce_provider.jar;D:\Java\jre\lib\ext\sunmscapi.jar;D:\Java\jre\lib\ext\sunpkcs11.jar;D:\Java\jre\lib\ext\zipfs.jar;D:\Java\jre\lib\javaws.jar;D:\Java\jre\lib\jce.jar;D:\Java\jre\lib\jfr.jar;D:\Java\jre\lib\jfxswt.jar;D:\Java\jre\lib\jsse.jar;D:\Java\jre\lib\management-agent.jar;D:\Java\jre\lib\plugin.jar;D:\Java\jre\lib\resources.jar;D:\Java\jre\lib\rt.jar;D:\Program Files\IdeaWorkSpace\leyou\ly-search\target\test-classes;D:\Program Files\IdeaWorkSpace\leyou\ly-search\target\classes;D:\repository\org\springframework\cloud\spring-cloud-starter-netflix-eureka-client\2.0.1.RELEASE\spring-cloud-starter-netflix-eureka-client-2.0.1.RELEASE.jar;D:\repository\org\springframework\cloud\spring-cloud-starter\2.0.1.RELEASE\spring-cloud-starter-2.0.1.RELEASE.jar;D:\repository\org\springframework\cloud\spring-cloud-context\2.0.1.RELEASE\spring-cloud-context-2.0.1.RELEASE.jar;D:\repository\org\springframework\security\spring-security-rsa\1.0.5.RELEASE\spring-security-rsa-1.0.5.RELEASE.jar;D:\repository\org\bouncycastle\bcpkix-jdk15on\1.56\bcpkix-jdk15on-1.56.jar;D:\repository\org\bouncycastle\bcprov-jdk15on\1.56\bcprov-jdk15on-1.56.jar;D:\repository\org\springframework\cloud\spring-cloud-netflix-core\2.0.1.RELEASE\spring-cloud-netflix-core-2.0.1.RELEASE.jar;D:\repository\org\springframework\boot\spring-boot-autoconfigure\2.0.4.RELEASE\spring-boot-autoconfigure-2.0.4.RELEASE.jar;D:\repository\org\springframework\boot\spring-boot-starter-aop\2.0.4.RELEASE\spring-bo
Launcher Type: SUN_STANDARD

Environment Variables:
JAVA_HOME=D:\Java
PATH=C:\Program Files (x86)\Common Files\Intel\Shared Libraries\redist\intel64\compiler;C:\Program Files (x86)\Common Files\Intel\Shared Files\cpp\bin\Intel64;C:\Program Files (x86)\Intel\iCLS Client\;C:\Program Files\Intel\iCLS Client\;C:\Windows\system32;C:\Windows;C:\Windows\System32\Wbem;C:\Windows\System32\WindowsPowerShell\v1.0\;C:\Program Files (x86)\NVIDIA Corporation\PhysX\Common;C:\Program Files (x86)\Intel\Intel(R) Management Engine Components\DAL;C:\Program Files\Intel\Intel(R) Management Engine Components\DAL;C:\Program Files (x86)\Intel\Intel(R) Management Engine Components\IPT;C:\Program Files\Intel\Intel(R) Management Engine Components\IPT;C:\Program Files\Intel\WiFi\bin\;C:\Program Files\Common Files\Intel\WirelessCommon\;D:\jdk\bin;D:\ecl\HOME;D:\ecl\MACROS;D:\Program Files\Pr\QuickTime\QTSystem\;C:\Program Files\Common Files\Autodesk Shared\;D:\Java\bin;D:\Java\jre\bin;;C:\WINDOWS\system32;C:\WINDOWS;C:\WINDOWS\System32\Wbem;C:\WINDOWS\System32\WindowsPowerShell\v1.0\;C:\WINDOWS\System32\OpenSSH\;D:\MySQL\bin;D:\Program Files\nodejs\;D:\mysql-8.0.13-winx64\bin;C:\Users\œÚ‰Ï\AppData\Local\Microsoft\WindowsApps;;D:\IntelliJ IDEA 2018.3.1\bin;;D:\Program Files;C:\Users\œÚ‰Ï\AppData\Roaming\npm
USERNAME=œÚ‰Ï
OS=Windows_NT
PROCESSOR_IDENTIFIER=Intel64 Family 6 Model 158 Stepping 9, GenuineIntel



---------------  S Y S T E M  ---------------

OS: Windows 8.1 , 64 bit Build 9600 

CPU:total 8 (4 cores per cpu, 2 threads per core) family 6 model 158 stepping 9, cmov, cx8, fxsr, mmx, sse, sse2, sse3, ssse3, sse4.1, sse4.2, popcnt, avx, avx2, aes, clmul, erms, ht, tsc, tscinvbit

Memory: 4k page, physical 8306520k(626112k free), swap 12402520k(3568k free)

vm_info: Java HotSpot(TM) 64-Bit Server VM (25.11-b03) for windows-amd64 JRE (1.8.0_11-b12), built on Jun 16 2014 20:57:32 by "java_re" with MS VC++ 10.0 (VS2010)

time: Mon Jan 21 16:58:17 2019
elapsed time: 17 seconds

