#
# There is insufficient memory for the Java Runtime Environment to continue.
# Native memory allocation (malloc) failed to allocate 2002736 bytes for Chunk::new
# Possible reasons:
#   The system is out of physical RAM or swap space
#   In 32 bit mode, the process size limit was hit
# Possible solutions:
#   Reduce memory load on the system
#   Increase physical memory or swap space
#   Check if swap backing store is full
#   Use 64 bit Java on a 64 bit OS
#   Decrease Java heap size (-Xmx/-Xms)
#   Decrease number of Java threads
#   Decrease Java thread stack sizes (-Xss)
#   Set larger code cache with -XX:ReservedCodeCacheSize=
# This output file may be truncated or incomplete.
#
#  Out of Memory Error (allocation.cpp:388), pid=4524, tid=19964
#
# JRE version: Java(TM) SE Runtime Environment (8.0_11-b12) (build 1.8.0_11-b12)
# Java VM: Java HotSpot(TM) 64-Bit Server VM (25.11-b03 mixed mode windows-amd64 compressed oops)
# Failed to write core dump. Minidumps are not enabled by default on client versions of Windows
#

---------------  T H R E A D  ---------------

Current thread (0x000000001a5ae000):  JavaThread "C2 CompilerThread0" daemon [_thread_in_native, id=19964, stack(0x000000001abe0000,0x000000001ace0000)]

Stack: [0x000000001abe0000,0x000000001ace0000]
Native frames: (J=compiled Java code, j=interpreted, Vv=VM code, C=native code)
V  [jvm.dll+0x308eca]
V  [jvm.dll+0x25e121]
V  [jvm.dll+0x25ed33]
V  [jvm.dll+0x256705]
V  [jvm.dll+0xbd2b5]
V  [jvm.dll+0xbd75c]
V  [jvm.dll+0x44d772]
V  [jvm.dll+0x48e3cf]
V  [jvm.dll+0x4427e4]
V  [jvm.dll+0x4439eb]
V  [jvm.dll+0x427722]
V  [jvm.dll+0x96982]
V  [jvm.dll+0x97173]
V  [jvm.dll+0x2234b4]
V  [jvm.dll+0x27bcca]
C  [msvcr100.dll+0x21d9f]
C  [msvcr100.dll+0x21e3b]
C  [KERNEL32.DLL+0x13034]
C  [ntdll.dll+0x73691]


Current CompileTask:
C2:  18362 4816   !   4       org.springframework.core.annotation.AnnotatedElementUtils::searchWithFindSemantics (785 bytes)


---------------  P R O C E S S  ---------------

Java Threads: ( => current thread )
  0x000000001e802000 JavaThread "AsyncResolver-bootstrap-0" daemon [_thread_blocked, id=912, stack(0x0000000034dc0000,0x0000000034ec0000)]
  0x000000001e801800 JavaThread "Eureka-JerseyClient-Conn-Cleaner2" daemon [_thread_blocked, id=19132, stack(0x0000000034ac0000,0x0000000034bc0000)]
  0x000000001e800800 JavaThread "PollingServerListUpdater-0" daemon [_thread_blocked, id=13104, stack(0x00000000347c0000,0x00000000348c0000)]
  0x000000001e800000 JavaThread "NFLoadBalancer-PingTimer-item-service" daemon [_thread_blocked, id=7592, stack(0x00000000345c0000,0x00000000346c0000)]
  0x000000001e803800 JavaThread "elasticsearch[_client_][transport_client_boss][T#15]" daemon [_thread_in_native, id=19044, stack(0x0000000028200000,0x0000000028300000)]
  0x000000001e7f8800 JavaThread "RibbonApacheHttpClientConfiguration.connectionManagerTimer" daemon [_thread_blocked, id=3864, stack(0x0000000028100000,0x0000000028200000)]
  0x000000001e7ff000 JavaThread "elasticsearch[_client_][generic][T#4]" daemon [_thread_blocked, id=5036, stack(0x0000000028000000,0x0000000028100000)]
  0x000000001e7fe800 JavaThread "spring.cloud.inetutils" daemon [_thread_in_native, id=20540, stack(0x0000000026a40000,0x0000000026b40000)]
  0x000000001e7fd800 JavaThread "elasticsearch[_client_][generic][T#3]" daemon [_thread_blocked, id=12604, stack(0x00000000267d0000,0x00000000268d0000)]
  0x000000001e7fd000 JavaThread "elasticsearch[_client_][generic][T#2]" daemon [_thread_blocked, id=14432, stack(0x00000000256c0000,0x00000000257c0000)]
  0x000000001e7f5800 JavaThread "elasticsearch[_client_][transport_client_boss][T#14]" daemon [_thread_in_native, id=18924, stack(0x00000000245b0000,0x00000000246b0000)]
  0x000000001e7f7800 JavaThread "elasticsearch[_client_][transport_client_boss][T#13]" daemon [_thread_in_native, id=22480, stack(0x00000000244b0000,0x00000000245b0000)]
  0x000000001e7fa000 JavaThread "elasticsearch[_client_][transport_client_boss][T#12]" daemon [_thread_in_native, id=7276, stack(0x00000000243b0000,0x00000000244b0000)]
  0x000000001e7f6000 JavaThread "elasticsearch[_client_][transport_client_boss][T#11]" daemon [_thread_in_native, id=13996, stack(0x00000000242b0000,0x00000000243b0000)]
  0x000000001e7f7000 JavaThread "elasticsearch[_client_][transport_client_boss][T#10]" daemon [_thread_in_native, id=12268, stack(0x00000000241b0000,0x00000000242b0000)]
  0x000000001e7fc000 JavaThread "elasticsearch[_client_][transport_client_boss][T#9]" daemon [_thread_in_native, id=1496, stack(0x00000000240b0000,0x00000000241b0000)]
  0x000000001e7f9000 JavaThread "elasticsearch[_client_][transport_client_boss][T#8]" daemon [_thread_in_native, id=19988, stack(0x0000000023fb0000,0x00000000240b0000)]
  0x000000001e7fa800 JavaThread "elasticsearch[_client_][transport_client_boss][T#7]" daemon [_thread_in_native, id=11852, stack(0x0000000023eb0000,0x0000000023fb0000)]
  0x000000001e7fb800 JavaThread "elasticsearch[_client_][transport_client_boss][T#6]" daemon [_thread_in_native, id=14372, stack(0x0000000023db0000,0x0000000023eb0000)]
  0x000000001df54000 JavaThread "elasticsearch[_client_][transport_client_boss][T#5]" daemon [_thread_in_native, id=14508, stack(0x0000000023cb0000,0x0000000023db0000)]
  0x000000001df53000 JavaThread "elasticsearch[_client_][transport_client_boss][T#4]" daemon [_thread_in_native, id=16252, stack(0x0000000023bb0000,0x0000000023cb0000)]
  0x000000001df50000 JavaThread "elasticsearch[_client_][transport_client_boss][T#3]" daemon [_thread_in_native, id=20680, stack(0x0000000023ab0000,0x0000000023bb0000)]
  0x000000001df57000 JavaThread "elasticsearch[_client_][transport_client_boss][T#2]" daemon [_thread_in_native, id=20360, stack(0x00000000239b0000,0x0000000023ab0000)]
  0x000000001df51800 JavaThread "elasticsearch[_client_][generic][T#1]" daemon [_thread_blocked, id=3700, stack(0x00000000236b0000,0x00000000237b0000)]
  0x000000001df54800 JavaThread "elasticsearch[_client_][transport_client_boss][T#1]" daemon [_thread_in_native, id=13288, stack(0x00000000224a0000,0x00000000225a0000)]
  0x000000001df52800 JavaThread "elasticsearch[_client_][scheduler][T#1]" daemon [_thread_blocked, id=9428, stack(0x00000000223a0000,0x00000000224a0000)]
  0x000000001df55800 JavaThread "elasticsearch[_client_][[timer]]" daemon [_thread_blocked, id=22516, stack(0x00000000218a0000,0x00000000219a0000)]
  0x000000001a641800 JavaThread "Service Thread" daemon [_thread_blocked, id=22748, stack(0x000000001afe0000,0x000000001b0e0000)]
  0x000000001a5e7800 JavaThread "C1 CompilerThread3" daemon [_thread_blocked, id=13604, stack(0x000000001aee0000,0x000000001afe0000)]
  0x000000001a5be000 JavaThread "C2 CompilerThread2" daemon [_thread_in_native, id=4172, stack(0x000000001ade0000,0x000000001aee0000)]
  0x000000001a5ae800 JavaThread "C2 CompilerThread1" daemon [_thread_in_native, id=7388, stack(0x000000001ace0000,0x000000001ade0000)]
=>0x000000001a5ae000 JavaThread "C2 CompilerThread0" daemon [_thread_in_native, id=19964, stack(0x000000001abe0000,0x000000001ace0000)]
  0x000000001a5ab800 JavaThread "Monitor Ctrl-Break" daemon [_thread_in_native, id=2492, stack(0x000000001aae0000,0x000000001abe0000)]
  0x000000001a579000 JavaThread "Attach Listener" daemon [_thread_blocked, id=2460, stack(0x000000001a9e0000,0x000000001aae0000)]
  0x000000001a578000 JavaThread "Signal Dispatcher" daemon [_thread_blocked, id=20024, stack(0x000000001a8e0000,0x000000001a9e0000)]
  0x0000000018512800 JavaThread "Finalizer" daemon [_thread_blocked, id=6076, stack(0x000000001a3e0000,0x000000001a4e0000)]
  0x000000001850b800 JavaThread "Reference Handler" daemon [_thread_blocked, id=16712, stack(0x000000001a2e0000,0x000000001a3e0000)]
  0x0000000003302800 JavaThread "main" [_thread_in_Java, id=828, stack(0x00000000031a0000,0x00000000032a0000)]

Other Threads:
  0x0000000018506800 VMThread [stack: 0x000000001a1e0000,0x000000001a2e0000] [id=15964]
  0x000000001a643800 WatcherThread [stack: 0x000000001b0e0000,0x000000001b1e0000] [id=21540]

VM state:not at safepoint (normal execution)

VM Mutex/Monitor currently owned by a thread: None

Heap:
 PSYoungGen      total 91136K, used 68900K [0x00000000d5c00000, 0x00000000dd180000, 0x0000000100000000)
  eden space 81408K, 84% used [0x00000000d5c00000,0x00000000d9f49318,0x00000000dab80000)
  from space 9728K, 0% used [0x00000000dab80000,0x00000000dab80000,0x00000000db500000)
  to   space 17920K, 0% used [0x00000000dc000000,0x00000000dc000000,0x00000000dd180000)
 ParOldGen       total 102912K, used 94296K [0x0000000081400000, 0x0000000087880000, 0x00000000d5c00000)
  object space 102912K, 91% used [0x0000000081400000,0x0000000087016140,0x0000000087880000)
 Metaspace       used 63505K, capacity 66272K, committed 66560K, reserved 1105920K
  class space    used 8785K, capacity 9406K, committed 9472K, reserved 1048576K

Card table byte_map: [0x0000000012910000,0x0000000012d10000] byte_map_base: 0x0000000012506000

Marking Bits: (ParMarkBitMap*) 0x0000000057c312b0
 Begin Bits: [0x00000000137c0000, 0x0000000015770000)
 End Bits:   [0x0000000015770000, 0x0000000017720000)

Polling page: 0x0000000000f00000

CodeCache: size=245760Kb used=16366Kb max_used=18777Kb free=229393Kb
 bounds [0x0000000003550000, 0x00000000047c0000, 0x0000000012550000]
 total_blobs=5298 nmethods=4715 adapters=496
 compilation: enabled

Compilation events (10 events):
Event: 18.133 Thread 0x000000001a5e7800 5394       2       java.lang.invoke.LambdaForm$MH/202968316::identity (18 bytes)
Event: 18.133 Thread 0x000000001a5e7800 nmethod 5394 0x0000000003adb210 code [0x0000000003adb360, 0x0000000003adb4d0]
Event: 18.236 Thread 0x000000001a5e7800 5395       2       org.apache.http.util.Args::notNull (33 bytes)
Event: 18.237 Thread 0x000000001a5e7800 nmethod 5395 0x00000000039eb810 code [0x00000000039eb9a0, 0x00000000039ebd38]
Event: 18.284 Thread 0x000000001a5e7800 5396       2       java.lang.Integer::compare (20 bytes)
Event: 18.284 Thread 0x000000001a5e7800 nmethod 5396 0x0000000003889090 code [0x00000000038891e0, 0x0000000003889330]
Event: 18.284 Thread 0x000000001a5e7800 5397       2       java.util.Arrays::hashCode (44 bytes)
Event: 18.285 Thread 0x000000001a5e7800 nmethod 5397 0x00000000039eb3d0 code [0x00000000039eb520, 0x00000000039eb6f0]
Event: 18.285 Thread 0x000000001a5e7800 5398       1       com.netflix.discovery.converters.EurekaJacksonCodec$InstanceInfoDeserializer$InstanceInfoField::getElementName (5 bytes)
Event: 18.285 Thread 0x000000001a5e7800 nmethod 5398 0x000000000388e910 code [0x000000000388ea60, 0x000000000388eb70]

GC Heap History (10 events):
Event: 12.951 GC heap before
{Heap before GC invocations=46 (full 6):
 PSYoungGen      total 89088K, used 2651K [0x00000000d5c00000, 0x00000000dbe00000, 0x0000000100000000)
  eden space 78848K, 0% used [0x00000000d5c00000,0x00000000d5c00000,0x00000000da900000)
  from space 10240K, 25% used [0x00000000db400000,0x00000000db696d68,0x00000000dbe00000)
  to   space 10752K, 0% used [0x00000000da900000,0x00000000da900000,0x00000000db380000)
 ParOldGen       total 78848K, used 72170K [0x0000000081400000, 0x0000000086100000, 0x00000000d5c00000)
  object space 78848K, 91% used [0x0000000081400000,0x0000000085a7ab08,0x0000000086100000)
 Metaspace       used 53368K, capacity 55950K, committed 56064K, reserved 1097728K
  class space    used 7266K, capacity 7851K, committed 7936K, reserved 1048576K
Event: 13.028 GC heap after
Heap after GC invocations=46 (full 6):
 PSYoungGen      total 89088K, used 0K [0x00000000d5c00000, 0x00000000dbe00000, 0x0000000100000000)
  eden space 78848K, 0% used [0x00000000d5c00000,0x00000000d5c00000,0x00000000da900000)
  from space 10240K, 0% used [0x00000000db400000,0x00000000db400000,0x00000000dbe00000)
  to   space 10752K, 0% used [0x00000000da900000,0x00000000da900000,0x00000000db380000)
 ParOldGen       total 102912K, used 73501K [0x0000000081400000, 0x0000000087880000, 0x00000000d5c00000)
  object space 102912K, 71% used [0x0000000081400000,0x0000000085bc7550,0x0000000087880000)
 Metaspace       used 53368K, capacity 55950K, committed 56064K, reserved 1097728K
  class space    used 7266K, capacity 7851K, committed 7936K, reserved 1048576K
}
Event: 15.822 GC heap before
{Heap before GC invocations=47 (full 6):
 PSYoungGen      total 89088K, used 78848K [0x00000000d5c00000, 0x00000000dbe00000, 0x0000000100000000)
  eden space 78848K, 100% used [0x00000000d5c00000,0x00000000da900000,0x00000000da900000)
  from space 10240K, 0% used [0x00000000db400000,0x00000000db400000,0x00000000dbe00000)
  to   space 10752K, 0% used [0x00000000da900000,0x00000000da900000,0x00000000db380000)
 ParOldGen       total 102912K, used 73501K [0x0000000081400000, 0x0000000087880000, 0x00000000d5c00000)
  object space 102912K, 71% used [0x0000000081400000,0x0000000085bc7550,0x0000000087880000)
 Metaspace       used 54226K, capacity 56858K, committed 56960K, reserved 1097728K
  class space    used 7386K, capacity 7967K, committed 8064K, reserved 1048576K
Event: 15.826 GC heap after
Heap after GC invocations=47 (full 6):
 PSYoungGen      total 89600K, used 2880K [0x00000000d5c00000, 0x00000000dc080000, 0x0000000100000000)
  eden space 78848K, 0% used [0x00000000d5c00000,0x00000000d5c00000,0x00000000da900000)
  from space 10752K, 26% used [0x00000000da900000,0x00000000dabd0000,0x00000000db380000)
  to   space 10752K, 0% used [0x00000000db600000,0x00000000db600000,0x00000000dc080000)
 ParOldGen       total 102912K, used 73509K [0x0000000081400000, 0x0000000087880000, 0x00000000d5c00000)
  object space 102912K, 71% used [0x0000000081400000,0x0000000085bc9550,0x0000000087880000)
 Metaspace       used 54226K, capacity 56858K, committed 56960K, reserved 1097728K
  class space    used 7386K, capacity 7967K, committed 8064K, reserved 1048576K
}
Event: 16.405 GC heap before
{Heap before GC invocations=48 (full 6):
 PSYoungGen      total 89600K, used 81728K [0x00000000d5c00000, 0x00000000dc080000, 0x0000000100000000)
  eden space 78848K, 100% used [0x00000000d5c00000,0x00000000da900000,0x00000000da900000)
  from space 10752K, 26% used [0x00000000da900000,0x00000000dabd0000,0x00000000db380000)
  to   space 10752K, 0% used [0x00000000db600000,0x00000000db600000,0x00000000dc080000)
 ParOldGen       total 102912K, used 73509K [0x0000000081400000, 0x0000000087880000, 0x00000000d5c00000)
  object space 102912K, 71% used [0x0000000081400000,0x0000000085bc9550,0x0000000087880000)
 Metaspace       used 55846K, capacity 58546K, committed 58752K, reserved 1099776K
  class space    used 7628K, capacity 8213K, committed 8320K, reserved 1048576K
Event: 16.410 GC heap after
Heap after GC invocations=48 (full 6):
 PSYoungGen      total 90112K, used 4359K [0x00000000d5c00000, 0x00000000dbe80000, 0x0000000100000000)
  eden space 81408K, 0% used [0x00000000d5c00000,0x00000000d5c00000,0x00000000dab80000)
  from space 8704K, 50% used [0x00000000db600000,0x00000000dba41f40,0x00000000dbe80000)
  to   space 9728K, 0% used [0x00000000dab80000,0x00000000dab80000,0x00000000db500000)
 ParOldGen       total 102912K, used 73517K [0x0000000081400000, 0x0000000087880000, 0x00000000d5c00000)
  object space 102912K, 71% used [0x0000000081400000,0x0000000085bcb550,0x0000000087880000)
 Metaspace       used 55846K, capacity 58546K, committed 58752K, reserved 1099776K
  class space    used 7628K, capacity 8213K, committed 8320K, reserved 1048576K
}
Event: 17.200 GC heap before
{Heap before GC invocations=49 (full 6):
 PSYoungGen      total 90112K, used 85767K [0x00000000d5c00000, 0x00000000dbe80000, 0x0000000100000000)
  eden space 81408K, 100% used [0x00000000d5c00000,0x00000000dab80000,0x00000000dab80000)
  from space 8704K, 50% used [0x00000000db600000,0x00000000dba41f40,0x00000000dbe80000)
  to   space 9728K, 0% used [0x00000000dab80000,0x00000000dab80000,0x00000000db500000)
 ParOldGen       total 102912K, used 73517K [0x0000000081400000, 0x0000000087880000, 0x00000000d5c00000)
  object space 102912K, 71% used [0x0000000081400000,0x0000000085bcb550,0x0000000087880000)
 Metaspace       used 59164K, capacity 61840K, committed 62080K, reserved 1101824K
  class space    used 8140K, capacity 8746K, committed 8832K, reserved 1048576K
Event: 17.219 GC heap after
Heap after GC invocations=49 (full 6):
 PSYoungGen      total 91136K, used 9704K [0x00000000d5c00000, 0x00000000dd180000, 0x0000000100000000)
  eden space 81408K, 0% used [0x00000000d5c00000,0x00000000d5c00000,0x00000000dab80000)
  from space 9728K, 99% used [0x00000000dab80000,0x00000000db4fa000,0x00000000db500000)
  to   space 17920K, 0% used [0x00000000dc000000,0x00000000dc000000,0x00000000dd180000)
 ParOldGen       total 102912K, used 91422K [0x0000000081400000, 0x0000000087880000, 0x00000000d5c00000)
  object space 102912K, 88% used [0x0000000081400000,0x0000000086d47a90,0x0000000087880000)
 Metaspace       used 59164K, capacity 61840K, committed 62080K, reserved 1101824K
  class space    used 8140K, capacity 8746K, committed 8832K, reserved 1048576K
}
Event: 17.219 GC heap before
{Heap before GC invocations=50 (full 7):
 PSYoungGen      total 91136K, used 9704K [0x00000000d5c00000, 0x00000000dd180000, 0x0000000100000000)
  eden space 81408K, 0% used [0x00000000d5c00000,0x00000000d5c00000,0x00000000dab80000)
  from space 9728K, 99% used [0x00000000dab80000,0x00000000db4fa000,0x00000000db500000)
  to   space 17920K, 0% used [0x00000000dc000000,0x00000000dc000000,0x00000000dd180000)
 ParOldGen       total 102912K, used 91422K [0x0000000081400000, 0x0000000087880000, 0x00000000d5c00000)
  object space 102912K, 88% used [0x0000000081400000,0x0000000086d47a90,0x0000000087880000)
 Metaspace       used 59164K, capacity 61840K, committed 62080K, reserved 1101824K
  class space    used 8140K, capacity 8746K, committed 8832K, reserved 1048576K
Event: 17.385 GC heap after
Heap after GC invocations=50 (full 7):
 PSYoungGen      total 91136K, used 0K [0x00000000d5c00000, 0x00000000dd180000, 0x0000000100000000)
  eden space 81408K, 0% used [0x00000000d5c00000,0x00000000d5c00000,0x00000000dab80000)
  from space 9728K, 0% used [0x00000000dab80000,0x00000000dab80000,0x00000000db500000)
  to   space 17920K, 0% used [0x00000000dc000000,0x00000000dc000000,0x00000000dd180000)
 ParOldGen       total 102912K, used 94296K [0x0000000081400000, 0x0000000087880000, 0x00000000d5c00000)
  object space 102912K, 91% used [0x0000000081400000,0x0000000087016140,0x0000000087880000)
 Metaspace       used 59164K, capacity 61840K, committed 62080K, reserved 1101824K
  class space    used 8140K, capacity 8746K, committed 8832K, reserved 1048576K
}

Deoptimization events (10 events):
Event: 16.963 Thread 0x0000000003302800 Uncommon trap: reason=unreached action=reinterpret pc=0x00000000039dc740 method=java.util.HashMap.putVal(ILjava/lang/Object;Ljava/lang/Object;ZZ)Ljava/lang/Object; @ 109
Event: 16.981 Thread 0x0000000003302800 Uncommon trap: reason=unreached action=reinterpret pc=0x0000000003e41ddc method=java.util.HashMap.putVal(ILjava/lang/Object;Ljava/lang/Object;ZZ)Ljava/lang/Object; @ 109
Event: 17.133 Thread 0x0000000003302800 Uncommon trap: reason=class_check action=maybe_recompile pc=0x0000000003bb0994 method=java.util.AbstractList$Itr.hasNext()Z @ 8
Event: 17.133 Thread 0x0000000003302800 Uncommon trap: reason=class_check action=maybe_recompile pc=0x0000000003bb7c04 method=java.util.AbstractList$Itr.next()Ljava/lang/Object; @ 14
Event: 17.430 Thread 0x0000000003302800 Uncommon trap: reason=unreached action=reinterpret pc=0x00000000043db648 method=sun.util.calendar.ZoneInfo.getOffsets(J[II)I @ 4
Event: 17.430 Thread 0x0000000003302800 Uncommon trap: reason=unreached action=reinterpret pc=0x0000000003b5db8c method=sun.util.calendar.ZoneInfo.getOffsets(J[II)I @ 4
Event: 17.548 Thread 0x0000000003302800 Uncommon trap: reason=bimorphic action=maybe_recompile pc=0x0000000003df96c4 method=java.util.Properties$LineReader.readLine()I @ 410
Event: 17.635 Thread 0x0000000003302800 Uncommon trap: reason=bimorphic action=maybe_recompile pc=0x0000000003df96c4 method=java.util.Properties$LineReader.readLine()I @ 410
Event: 17.669 Thread 0x0000000003302800 Uncommon trap: reason=predicate action=maybe_recompile pc=0x0000000004393094 method=java.lang.Class.annotationData()Ljava/lang/Class$AnnotationData; @ 0
Event: 18.276 Thread 0x0000000003302800 Uncommon trap: reason=class_check action=maybe_recompile pc=0x0000000003a2126c method=java.util.zip.InflaterInputStream.read([BII)I @ 100

Internal exceptions (10 events):
Event: 18.304 Thread 0x0000000003302800 Exception <a 'java/security/PrivilegedActionException'> (0x00000000d961d1b0) thrown at [C:\re\workspace\8-2-build-windows-amd64-cygwin\jdk8u11\648\hotspot\src\share\vm\prims\jvm.cpp, line 1248]
Event: 18.305 Thread 0x0000000003302800 Exception <a 'java/security/PrivilegedActionException'> (0x00000000d9638c38) thrown at [C:\re\workspace\8-2-build-windows-amd64-cygwin\jdk8u11\648\hotspot\src\share\vm\prims\jvm.cpp, line 1248]
Event: 18.306 Thread 0x0000000003302800 Exception <a 'java/security/PrivilegedActionException'> (0x00000000d965d248) thrown at [C:\re\workspace\8-2-build-windows-amd64-cygwin\jdk8u11\648\hotspot\src\share\vm\prims\jvm.cpp, line 1248]
Event: 18.307 Thread 0x0000000003302800 Exception <a 'java/security/PrivilegedActionException'> (0x00000000d96762c0) thrown at [C:\re\workspace\8-2-build-windows-amd64-cygwin\jdk8u11\648\hotspot\src\share\vm\prims\jvm.cpp, line 1248]
Event: 18.308 Thread 0x0000000003302800 Exception <a 'java/security/PrivilegedActionException'> (0x00000000d9696210) thrown at [C:\re\workspace\8-2-build-windows-amd64-cygwin\jdk8u11\648\hotspot\src\share\vm\prims\jvm.cpp, line 1248]
Event: 18.308 Thread 0x0000000003302800 Exception <a 'java/security/PrivilegedActionException'> (0x00000000d96b11d0) thrown at [C:\re\workspace\8-2-build-windows-amd64-cygwin\jdk8u11\648\hotspot\src\share\vm\prims\jvm.cpp, line 1248]
Event: 18.309 Thread 0x0000000003302800 Exception <a 'java/security/PrivilegedActionException'> (0x00000000d96ba750) thrown at [C:\re\workspace\8-2-build-windows-amd64-cygwin\jdk8u11\648\hotspot\src\share\vm\prims\jvm.cpp, line 1248]
Event: 18.309 Thread 0x0000000003302800 Exception <a 'java/security/PrivilegedActionException'> (0x00000000d96c3560) thrown at [C:\re\workspace\8-2-build-windows-amd64-cygwin\jdk8u11\648\hotspot\src\share\vm\prims\jvm.cpp, line 1248]
Event: 18.309 Thread 0x0000000003302800 Exception <a 'java/security/PrivilegedActionException'> (0x00000000d96cc908) thrown at [C:\re\workspace\8-2-build-windows-amd64-cygwin\jdk8u11\648\hotspot\src\share\vm\prims\jvm.cpp, line 1248]
Event: 18.310 Thread 0x0000000003302800 Exception <a 'java/security/PrivilegedActionException'> (0x00000000d96d6878) thrown at [C:\re\workspace\8-2-build-windows-amd64-cygwin\jdk8u11\648\hotspot\src\share\vm\prims\jvm.cpp, line 1248]

Events (10 events):
Event: 18.308 loading class com/fasterxml/jackson/annotation/JsonAnyGetter
Event: 18.308 loading class com/fasterxml/jackson/annotation/JsonAnyGetter done
Event: 18.309 loading class com/fasterxml/jackson/annotation/JsonValue
Event: 18.309 loading class com/fasterxml/jackson/annotation/JsonValue done
Event: 18.309 loading class com/fasterxml/jackson/annotation/JsonGetter
Event: 18.309 loading class com/fasterxml/jackson/annotation/JsonGetter done
Event: 18.309 loading class com/fasterxml/jackson/annotation/JsonProperty
Event: 18.309 loading class com/fasterxml/jackson/annotation/JsonProperty done
Event: 18.310 loading class com/fasterxml/jackson/databind/util/BeanUtil
Event: 18.310 loading class com/fasterxml/jackson/databind/util/BeanUtil done


Dynamic libraries:
0x00007ff66b900000 - 0x00007ff66b934000 	D:\Java\bin\java.exe
0x00007ffe41ad0000 - 0x00007ffe41cb1000 	C:\WINDOWS\SYSTEM32\ntdll.dll
0x00007ffe3fad0000 - 0x00007ffe3fb82000 	C:\WINDOWS\System32\KERNEL32.DLL
0x00007ffe3ea00000 - 0x00007ffe3ec73000 	C:\WINDOWS\System32\KERNELBASE.dll
0x00007ffe3f700000 - 0x00007ffe3f7a1000 	C:\WINDOWS\System32\ADVAPI32.dll
0x00007ffe418a0000 - 0x00007ffe4193e000 	C:\WINDOWS\System32\msvcrt.dll
0x00007ffe3f940000 - 0x00007ffe3f99b000 	C:\WINDOWS\System32\sechost.dll
0x00007ffe3f9a0000 - 0x00007ffe3fac4000 	C:\WINDOWS\System32\RPCRT4.dll
0x00007ffe40220000 - 0x00007ffe403b0000 	C:\WINDOWS\System32\USER32.dll
0x00007ffe3dea0000 - 0x00007ffe3dec0000 	C:\WINDOWS\System32\win32u.dll
0x00007ffe3f830000 - 0x00007ffe3f858000 	C:\WINDOWS\System32\GDI32.dll
0x00007ffe3e860000 - 0x00007ffe3e9f2000 	C:\WINDOWS\System32\gdi32full.dll
0x00007ffe3eec0000 - 0x00007ffe3ef5f000 	C:\WINDOWS\System32\msvcp_win.dll
0x00007ffe3e760000 - 0x00007ffe3e85a000 	C:\WINDOWS\System32\ucrtbase.dll
0x00007ffe31b90000 - 0x00007ffe31df9000 	C:\WINDOWS\WinSxS\amd64_microsoft.windows.common-controls_6595b64144ccf1df_6.0.17134.523_none_fb409dd930672a56\COMCTL32.dll
0x00007ffe3ef60000 - 0x00007ffe3f282000 	C:\WINDOWS\System32\combase.dll
0x00007ffe3e680000 - 0x00007ffe3e6fa000 	C:\WINDOWS\System32\bcryptPrimitives.dll
0x00007ffe401f0000 - 0x00007ffe4021d000 	C:\WINDOWS\System32\IMM32.DLL
0x0000000057cb0000 - 0x0000000057d82000 	D:\Java\jre\bin\msvcr100.dll
0x0000000057480000 - 0x0000000057caa000 	D:\Java\jre\bin\server\jvm.dll
0x00007ffe3fb90000 - 0x00007ffe3fb98000 	C:\WINDOWS\System32\PSAPI.DLL
0x00007ffe25c70000 - 0x00007ffe25c79000 	C:\WINDOWS\SYSTEM32\WSOCK32.dll
0x00007ffe396c0000 - 0x00007ffe396e3000 	C:\WINDOWS\SYSTEM32\WINMM.dll
0x00007ffe41a30000 - 0x00007ffe41a9c000 	C:\WINDOWS\System32\WS2_32.dll
0x00007ffe391d0000 - 0x00007ffe391fa000 	C:\WINDOWS\SYSTEM32\WINMMBASE.dll
0x00007ffe3ee70000 - 0x00007ffe3eeb9000 	C:\WINDOWS\System32\cfgmgr32.dll
0x0000000057470000 - 0x000000005747f000 	D:\Java\jre\bin\verify.dll
0x0000000057440000 - 0x0000000057468000 	D:\Java\jre\bin\java.dll
0x00000000573f0000 - 0x0000000057413000 	D:\Java\jre\bin\instrument.dll
0x0000000057420000 - 0x0000000057436000 	D:\Java\jre\bin\zip.dll
0x00007ffe40460000 - 0x00007ffe418a0000 	C:\WINDOWS\System32\SHELL32.dll
0x00007ffe403b0000 - 0x00007ffe40459000 	C:\WINDOWS\System32\shcore.dll
0x00007ffe3df70000 - 0x00007ffe3e67d000 	C:\WINDOWS\System32\windows.storage.dll
0x00007ffe3f870000 - 0x00007ffe3f8c1000 	C:\WINDOWS\System32\shlwapi.dll
0x00007ffe3de60000 - 0x00007ffe3de71000 	C:\WINDOWS\System32\kernel.appcore.dll
0x00007ffe3de80000 - 0x00007ffe3de9f000 	C:\WINDOWS\System32\profapi.dll
0x00007ffe3de10000 - 0x00007ffe3de5c000 	C:\WINDOWS\System32\powrprof.dll
0x00007ffe3dde0000 - 0x00007ffe3ddea000 	C:\WINDOWS\System32\FLTLIB.DLL
0x00007ffe3a770000 - 0x00007ffe3a78a000 	D:\IntelliJ IDEA 2018.3.1\bin\breakgen64.dll
0x00000000573d0000 - 0x00000000573ea000 	D:\Java\jre\bin\net.dll
0x00007ffe3d660000 - 0x00007ffe3d6c6000 	C:\WINDOWS\system32\mswsock.dll
0x00000000573b0000 - 0x00000000573c1000 	D:\Java\jre\bin\nio.dll
0x00007ffe3d3e0000 - 0x00007ffe3d418000 	C:\WINDOWS\SYSTEM32\IPHLPAPI.DLL
0x00007ffe3f8d0000 - 0x00007ffe3f8d8000 	C:\WINDOWS\System32\NSI.dll
0x00007ffe38600000 - 0x00007ffe38616000 	C:\WINDOWS\SYSTEM32\dhcpcsvc6.DLL
0x00007ffe385c0000 - 0x00007ffe385da000 	C:\WINDOWS\SYSTEM32\dhcpcsvc.DLL
0x00007ffe3d420000 - 0x00007ffe3d4de000 	C:\WINDOWS\SYSTEM32\DNSAPI.dll
0x00000000573a0000 - 0x00000000573ad000 	D:\Java\jre\bin\management.dll
0x00007ffe25f90000 - 0x00007ffe25fa6000 	C:\WINDOWS\system32\napinsp.dll
0x00007ffe25eb0000 - 0x00007ffe25eca000 	C:\WINDOWS\system32\pnrpnsp.dll
0x00007ffe3ab10000 - 0x00007ffe3ab29000 	C:\WINDOWS\system32\NLAapi.dll
0x00007ffe25ea0000 - 0x00007ffe25eae000 	C:\WINDOWS\System32\winrnr.dll
0x00007ffe24c10000 - 0x00007ffe24c25000 	C:\WINDOWS\System32\wshbth.dll
0x00007ffe37940000 - 0x00007ffe3794a000 	C:\Windows\System32\rasadhlp.dll
0x00007ffe36a80000 - 0x00007ffe36af2000 	C:\WINDOWS\System32\fwpuclnt.dll
0x00007ffe3d940000 - 0x00007ffe3d965000 	C:\WINDOWS\SYSTEM32\bcrypt.dll
0x00007ffe3d810000 - 0x00007ffe3d827000 	C:\WINDOWS\SYSTEM32\CRYPTSP.dll
0x00007ffe3d240000 - 0x00007ffe3d273000 	C:\WINDOWS\system32\rsaenh.dll
0x00007ffe3dce0000 - 0x00007ffe3dd08000 	C:\WINDOWS\SYSTEM32\USERENV.dll
0x00007ffe3d830000 - 0x00007ffe3d83b000 	C:\WINDOWS\SYSTEM32\CRYPTBASE.dll
0x0000000057370000 - 0x0000000057394000 	D:\Java\jre\bin\sunec.dll
0x00007ffe25cd0000 - 0x00007ffe25e99000 	C:\WINDOWS\SYSTEM32\dbghelp.dll

VM Arguments:
jvm_args: -ea -Didea.test.cyclic.buffer.size=1048576 -javaagent:D:\IntelliJ IDEA 2018.3.1\lib\idea_rt.jar=64298:D:\IntelliJ IDEA 2018.3.1\bin -Dfile.encoding=UTF-8 
java_command: com.intellij.rt.execution.junit.JUnitStarter -ideVersion5 -junit4 com.leyou.client.CategoryClientTest,testCategoryClient
java_class_path (initial): D:\IntelliJ IDEA 2018.3.1\lib\idea_rt.jar;D:\IntelliJ IDEA 2018.3.1\plugins\junit\lib\junit-rt.jar;D:\IntelliJ IDEA 2018.3.1\plugins\junit\lib\junit5-rt.jar;D:\Java\jre\lib\charsets.jar;D:\Java\jre\lib\deploy.jar;D:\Java\jre\lib\ext\access-bridge-64.jar;D:\Java\jre\lib\ext\cldrdata.jar;D:\Java\jre\lib\ext\dnsns.jar;D:\Java\jre\lib\ext\jaccess.jar;D:\Java\jre\lib\ext\jfxrt.jar;D:\Java\jre\lib\ext\localedata.jar;D:\Java\jre\lib\ext\nashorn.jar;D:\Java\jre\lib\ext\sunec.jar;D:\Java\jre\lib\ext\sunjce_provider.jar;D:\Java\jre\lib\ext\sunmscapi.jar;D:\Java\jre\lib\ext\sunpkcs11.jar;D:\Java\jre\lib\ext\zipfs.jar;D:\Java\jre\lib\javaws.jar;D:\Java\jre\lib\jce.jar;D:\Java\jre\lib\jfr.jar;D:\Java\jre\lib\jfxswt.jar;D:\Java\jre\lib\jsse.jar;D:\Java\jre\lib\management-agent.jar;D:\Java\jre\lib\plugin.jar;D:\Java\jre\lib\resources.jar;D:\Java\jre\lib\rt.jar;D:\Program Files\IdeaWorkSpace\leyou\ly-search\target\test-classes;D:\Program Files\IdeaWorkSpace\leyou\ly-search\target\classes;D:\repository\org\springframework\cloud\spring-cloud-starter-netflix-eureka-client\2.0.1.RELEASE\spring-cloud-starter-netflix-eureka-client-2.0.1.RELEASE.jar;D:\repository\org\springframework\cloud\spring-cloud-starter\2.0.1.RELEASE\spring-cloud-starter-2.0.1.RELEASE.jar;D:\repository\org\springframework\cloud\spring-cloud-context\2.0.1.RELEASE\spring-cloud-context-2.0.1.RELEASE.jar;D:\repository\org\springframework\security\spring-security-rsa\1.0.5.RELEASE\spring-security-rsa-1.0.5.RELEASE.jar;D:\repository\org\bouncycastle\bcpkix-jdk15on\1.56\bcpkix-jdk15on-1.56.jar;D:\repository\org\bouncycastle\bcprov-jdk15on\1.56\bcprov-jdk15on-1.56.jar;D:\repository\org\springframework\cloud\spring-cloud-netflix-core\2.0.1.RELEASE\spring-cloud-netflix-core-2.0.1.RELEASE.jar;D:\repository\org\springframework\boot\spring-boot-autoconfigure\2.0.4.RELEASE\spring-boot-autoconfigure-2.0.4.RELEASE.jar;D:\repository\org\springframework\boot\spring-boot-starter-aop\2.0.4.RELEASE\spring-bo
Launcher Type: SUN_STANDARD

Environment Variables:
JAVA_HOME=D:\Java
PATH=C:\Program Files (x86)\Common Files\Intel\Shared Libraries\redist\intel64\compiler;C:\Program Files (x86)\Common Files\Intel\Shared Files\cpp\bin\Intel64;C:\Program Files (x86)\Intel\iCLS Client\;C:\Program Files\Intel\iCLS Client\;C:\Windows\system32;C:\Windows;C:\Windows\System32\Wbem;C:\Windows\System32\WindowsPowerShell\v1.0\;C:\Program Files (x86)\NVIDIA Corporation\PhysX\Common;C:\Program Files (x86)\Intel\Intel(R) Management Engine Components\DAL;C:\Program Files\Intel\Intel(R) Management Engine Components\DAL;C:\Program Files (x86)\Intel\Intel(R) Management Engine Components\IPT;C:\Program Files\Intel\Intel(R) Management Engine Components\IPT;C:\Program Files\Intel\WiFi\bin\;C:\Program Files\Common Files\Intel\WirelessCommon\;D:\jdk\bin;D:\ecl\HOME;D:\ecl\MACROS;D:\Program Files\Pr\QuickTime\QTSystem\;C:\Program Files\Common Files\Autodesk Shared\;D:\Java\bin;D:\Java\jre\bin;;C:\WINDOWS\system32;C:\WINDOWS;C:\WINDOWS\System32\Wbem;C:\WINDOWS\System32\WindowsPowerShell\v1.0\;C:\WINDOWS\System32\OpenSSH\;D:\MySQL\bin;D:\Program Files\nodejs\;D:\mysql-8.0.13-winx64\bin;C:\Users\ֿעהל\AppData\Local\Microsoft\WindowsApps;;D:\IntelliJ IDEA 2018.3.1\bin;;D:\Program Files;C:\Users\ֿעהל\AppData\Roaming\npm
USERNAME=ֿעהל
OS=Windows_NT
PROCESSOR_IDENTIFIER=Intel64 Family 6 Model 158 Stepping 9, GenuineIntel



---------------  S Y S T E M  ---------------

OS: Windows 8.1 , 64 bit Build 9600 

CPU:total 8 (4 cores per cpu, 2 threads per core) family 6 model 158 stepping 9, cmov, cx8, fxsr, mmx, sse, sse2, sse3, ssse3, sse4.1, sse4.2, popcnt, avx, avx2, aes, clmul, erms, ht, tsc, tscinvbit

Memory: 4k page, physical 8306520k(522848k free), swap 12402520k(3536k free)

vm_info: Java HotSpot(TM) 64-Bit Server VM (25.11-b03) for windows-amd64 JRE (1.8.0_11-b12), built on Jun 16 2014 20:57:32 by "java_re" with MS VC++ 10.0 (VS2010)

time: Mon Jan 21 14:16:39 2019
elapsed time: 18 seconds

