#
# There is insufficient memory for the Java Runtime Environment to continue.
# Native memory allocation (malloc) failed to allocate 1061056 bytes for Chunk::new
# Possible reasons:
#   The system is out of physical RAM or swap space
#   In 32 bit mode, the process size limit was hit
# Possible solutions:
#   Reduce memory load on the system
#   Increase physical memory or swap space
#   Check if swap backing store is full
#   Use 64 bit Java on a 64 bit OS
#   Decrease Java heap size (-Xmx/-Xms)
#   Decrease number of Java threads
#   Decrease Java thread stack sizes (-Xss)
#   Set larger code cache with -XX:ReservedCodeCacheSize=
# This output file may be truncated or incomplete.
#
#  Out of Memory Error (allocation.cpp:388), pid=7836, tid=15956
#
# JRE version: Java(TM) SE Runtime Environment (8.0_11-b12) (build 1.8.0_11-b12)
# Java VM: Java HotSpot(TM) 64-Bit Server VM (25.11-b03 mixed mode windows-amd64 compressed oops)
# Failed to write core dump. Minidumps are not enabled by default on client versions of Windows
#

---------------  T H R E A D  ---------------

Current thread (0x000000001aa3e800):  JavaThread "C2 CompilerThread2" daemon [_thread_in_native, id=15956, stack(0x000000001b270000,0x000000001b370000)]

Stack: [0x000000001b270000,0x000000001b370000]
Native frames: (J=compiled Java code, j=interpreted, Vv=VM code, C=native code)
V  [jvm.dll+0x308eca]
V  [jvm.dll+0x25e121]
V  [jvm.dll+0x25ed33]
V  [jvm.dll+0x256705]
V  [jvm.dll+0xbd2b5]
V  [jvm.dll+0xbd75c]
V  [jvm.dll+0x44d772]
V  [jvm.dll+0x48e3cf]
V  [jvm.dll+0x442950]
V  [jvm.dll+0x4439eb]
V  [jvm.dll+0x427722]
V  [jvm.dll+0x96982]
V  [jvm.dll+0x97173]
V  [jvm.dll+0x2234b4]
V  [jvm.dll+0x27bcca]
C  [msvcr100.dll+0x21d9f]
C  [msvcr100.dll+0x21e3b]
C  [KERNEL32.DLL+0x13034]
C  [ntdll.dll+0x73691]


Current CompileTask:
C2:  12950 6687       4       com.fasterxml.jackson.core.json.UTF8StreamJsonParser::nextFieldName (477 bytes)


---------------  P R O C E S S  ---------------

Java Threads: ( => current thread )
  0x000000001f87e000 JavaThread "elasticsearch[_client_][transport_client_boss][T#15]" daemon [_thread_in_native, id=15292, stack(0x000000002d070000,0x000000002d170000)]
  0x000000001f881000 JavaThread "elasticsearch[_client_][generic][T#4]" daemon [_thread_blocked, id=21904, stack(0x000000002cf70000,0x000000002d070000)]
  0x000000001f876800 JavaThread "Keep-Alive-Timer" daemon [_thread_blocked, id=13540, stack(0x000000002ce70000,0x000000002cf70000)]
  0x000000001f87b000 JavaThread "PollingServerListUpdater-1" daemon [_thread_blocked, id=2952, stack(0x000000002c6e0000,0x000000002c7e0000)]
  0x000000001f87d000 JavaThread "DataPublisher" daemon [_thread_blocked, id=9156, stack(0x000000002b610000,0x000000002b710000)]
  0x000000001f87a000 JavaThread "DiscoveryClient-InstanceInfoReplicator-0" daemon [_thread_blocked, id=20016, stack(0x000000002b510000,0x000000002b610000)]
  0x000000001f879800 JavaThread "DiscoveryClient-1" daemon [_thread_blocked, id=15316, stack(0x000000002b410000,0x000000002b510000)]
  0x000000001f878800 JavaThread "DiscoveryClient-0" daemon [_thread_blocked, id=2116, stack(0x000000002b310000,0x000000002b410000)]
  0x000000001f873800 JavaThread "AsyncResolver-bootstrap-0" daemon [_thread_blocked, id=8580, stack(0x000000002ae10000,0x000000002af10000)]
  0x000000001f877000 JavaThread "Eureka-JerseyClient-Conn-Cleaner2" daemon [_thread_blocked, id=11948, stack(0x000000002ad10000,0x000000002ae10000)]
  0x000000001f878000 JavaThread "PollingServerListUpdater-0" daemon [_thread_blocked, id=740, stack(0x000000002aa10000,0x000000002ab10000)]
  0x000000001f875800 JavaThread "NFLoadBalancer-PingTimer-item-service" daemon [_thread_blocked, id=16944, stack(0x000000002a910000,0x000000002aa10000)]
  0x000000001f874000 JavaThread "RibbonApacheHttpClientConfiguration.connectionManagerTimer" daemon [_thread_blocked, id=8768, stack(0x000000002a610000,0x000000002a710000)]
  0x000000001f872800 JavaThread "spring.cloud.inetutils" daemon [_thread_blocked, id=19044, stack(0x000000002a200000,0x000000002a300000)]
  0x000000001f875000 JavaThread "elasticsearch[_client_][generic][T#3]" daemon [_thread_blocked, id=17896, stack(0x0000000026c70000,0x0000000026d70000)]
  0x000000001e692000 JavaThread "elasticsearch[_client_][generic][T#2]" daemon [_thread_blocked, id=17512, stack(0x0000000025b60000,0x0000000025c60000)]
  0x000000001e698000 JavaThread "elasticsearch[_client_][transport_client_boss][T#14]" daemon [_thread_in_native, id=14412, stack(0x0000000024a50000,0x0000000024b50000)]
  0x000000001e698800 JavaThread "elasticsearch[_client_][transport_client_boss][T#13]" daemon [_thread_in_native, id=16236, stack(0x0000000024950000,0x0000000024a50000)]
  0x000000001e695000 JavaThread "elasticsearch[_client_][transport_client_boss][T#12]" daemon [_thread_in_native, id=19292, stack(0x0000000024850000,0x0000000024950000)]
  0x000000001e695800 JavaThread "elasticsearch[_client_][transport_client_boss][T#11]" daemon [_thread_in_native, id=11248, stack(0x0000000024750000,0x0000000024850000)]
  0x000000001e694000 JavaThread "elasticsearch[_client_][transport_client_boss][T#10]" daemon [_thread_in_native, id=10272, stack(0x0000000024650000,0x0000000024750000)]
  0x000000001e696800 JavaThread "elasticsearch[_client_][transport_client_boss][T#9]" daemon [_thread_in_native, id=13280, stack(0x0000000024550000,0x0000000024650000)]
  0x000000001e697000 JavaThread "elasticsearch[_client_][transport_client_boss][T#8]" daemon [_thread_in_native, id=12624, stack(0x0000000024450000,0x0000000024550000)]
  0x000000001f83f800 JavaThread "elasticsearch[_client_][transport_client_boss][T#7]" daemon [_thread_in_native, id=16036, stack(0x0000000024350000,0x0000000024450000)]
  0x000000001f83f000 JavaThread "elasticsearch[_client_][transport_client_boss][T#6]" daemon [_thread_in_native, id=11600, stack(0x0000000024250000,0x0000000024350000)]
  0x000000001f836800 JavaThread "elasticsearch[_client_][transport_client_boss][T#5]" daemon [_thread_in_native, id=10052, stack(0x0000000024150000,0x0000000024250000)]
  0x000000001f329000 JavaThread "elasticsearch[_client_][transport_client_boss][T#4]" daemon [_thread_in_native, id=11736, stack(0x0000000024050000,0x0000000024150000)]
  0x000000001f328800 JavaThread "elasticsearch[_client_][transport_client_boss][T#3]" daemon [_thread_in_native, id=12304, stack(0x0000000023f50000,0x0000000024050000)]
  0x000000001f327800 JavaThread "elasticsearch[_client_][transport_client_boss][T#2]" daemon [_thread_in_native, id=11356, stack(0x0000000023e50000,0x0000000023f50000)]
  0x000000001ead3800 JavaThread "elasticsearch[_client_][generic][T#1]" daemon [_thread_blocked, id=8420, stack(0x0000000023d50000,0x0000000023e50000)]
  0x000000001edc8800 JavaThread "elasticsearch[_client_][transport_client_boss][T#1]" daemon [_thread_in_native, id=21828, stack(0x0000000022940000,0x0000000022a40000)]
  0x000000001f141000 JavaThread "elasticsearch[_client_][scheduler][T#1]" daemon [_thread_blocked, id=22352, stack(0x00000000219b0000,0x0000000021ab0000)]
  0x000000001f0fb800 JavaThread "elasticsearch[_client_][[timer]]" daemon [_thread_blocked, id=16924, stack(0x00000000204e0000,0x00000000205e0000)]
  0x000000001aad4800 JavaThread "Service Thread" daemon [_thread_blocked, id=5172, stack(0x000000001b470000,0x000000001b570000)]
  0x000000001aa46800 JavaThread "C1 CompilerThread3" daemon [_thread_blocked, id=16084, stack(0x000000001b370000,0x000000001b470000)]
=>0x000000001aa3e800 JavaThread "C2 CompilerThread2" daemon [_thread_in_native, id=15956, stack(0x000000001b270000,0x000000001b370000)]
  0x000000001aa3b800 JavaThread "C2 CompilerThread1" daemon [_thread_in_native, id=19492, stack(0x000000001b170000,0x000000001b270000)]
  0x000000001aa3b000 JavaThread "C2 CompilerThread0" daemon [_thread_in_native, id=19360, stack(0x000000001b070000,0x000000001b170000)]
  0x000000001aa39800 JavaThread "Monitor Ctrl-Break" daemon [_thread_in_native, id=21688, stack(0x000000001af70000,0x000000001b070000)]
  0x000000001aa06800 JavaThread "Attach Listener" daemon [_thread_blocked, id=1708, stack(0x000000001ae70000,0x000000001af70000)]
  0x000000001aa05800 JavaThread "Signal Dispatcher" daemon [_thread_blocked, id=21860, stack(0x000000001ad70000,0x000000001ae70000)]
  0x00000000038db800 JavaThread "Finalizer" daemon [_thread_blocked, id=8960, stack(0x000000001a870000,0x000000001a970000)]
  0x000000001899c000 JavaThread "Reference Handler" daemon [_thread_blocked, id=8576, stack(0x000000001a770000,0x000000001a870000)]
  0x00000000037e2800 JavaThread "main" [_thread_in_native, id=23044, stack(0x00000000036e0000,0x00000000037e0000)]

Other Threads:
  0x0000000018996800 VMThread [stack: 0x000000001a670000,0x000000001a770000] [id=22476]
  0x000000001aad6800 WatcherThread [stack: 0x000000001b570000,0x000000001b670000] [id=19376]

VM state:not at safepoint (normal execution)

VM Mutex/Monitor currently owned by a thread: None

Heap:
 PSYoungGen      total 96768K, used 4290K [0x00000000d5c00000, 0x00000000dca00000, 0x0000000100000000)
  eden space 84480K, 5% used [0x00000000d5c00000,0x00000000d6030ab8,0x00000000dae80000)
  from space 12288K, 0% used [0x00000000dbe00000,0x00000000dbe00000,0x00000000dca00000)
  to   space 9728K, 0% used [0x00000000dae80000,0x00000000dae80000,0x00000000db800000)
 ParOldGen       total 146432K, used 128785K [0x0000000081400000, 0x000000008a300000, 0x00000000d5c00000)
  object space 146432K, 87% used [0x0000000081400000,0x00000000891c4418,0x000000008a300000)
 Metaspace       used 67339K, capacity 70750K, committed 70960K, reserved 1110016K
  class space    used 9292K, capacity 9999K, committed 10032K, reserved 1048576K

Card table byte_map: [0x0000000012da0000,0x00000000131a0000] byte_map_base: 0x0000000012996000

Marking Bits: (ParMarkBitMap*) 0x0000000057c312b0
 Begin Bits: [0x0000000013c50000, 0x0000000015c00000)
 End Bits:   [0x0000000015c00000, 0x0000000017bb0000)

Polling page: 0x0000000001420000

CodeCache: size=245760Kb used=19804Kb max_used=19804Kb free=225955Kb
 bounds [0x00000000039e0000, 0x0000000004d50000, 0x00000000129e0000]
 total_blobs=6554 nmethods=5961 adapters=505
 compilation: enabled

Compilation events (10 events):
Event: 12.913 Thread 0x000000001aa46800 6696       3       java.util.concurrent.locks.ReentrantLock::newCondition (8 bytes)
Event: 12.914 Thread 0x000000001aa46800 nmethod 6696 0x0000000004d22a50 code [0x0000000004d22bc0, 0x0000000004d22f10]
Event: 12.914 Thread 0x000000001aa46800 6697       3       java.util.concurrent.locks.ReentrantLock$Sync::newCondition (9 bytes)
Event: 12.914 Thread 0x000000001aa46800 nmethod 6697 0x0000000004d22590 code [0x0000000004d22700, 0x0000000004d22970]
Event: 12.914 Thread 0x000000001aa46800 6698       3       java.util.concurrent.locks.AbstractQueuedSynchronizer$ConditionObject::<init> (10 bytes)
Event: 12.914 Thread 0x000000001aa46800 nmethod 6698 0x0000000004d221d0 code [0x0000000004d22320, 0x0000000004d224d0]
Event: 12.920 Thread 0x000000001aa46800 6699       3       com.fasterxml.jackson.core.io.IOContext::setEncoding (6 bytes)
Event: 12.920 Thread 0x000000001aa46800 nmethod 6699 0x0000000004d21e90 code [0x0000000004d21fe0, 0x0000000004d22150]
Event: 12.920 Thread 0x000000001aa46800 6700       2       sun.util.calendar.BaseCalendar::getFixedDate (324 bytes)
Event: 12.921 Thread 0x000000001aa46800 nmethod 6700 0x0000000004d28010 code [0x0000000004d28200, 0x0000000004d28c08]

GC Heap History (10 events):
Event: 9.759 GC heap before
{Heap before GC invocations=45 (full 6):
 PSYoungGen      total 88576K, used 83942K [0x00000000d5c00000, 0x00000000dbd80000, 0x0000000100000000)
  eden space 81408K, 100% used [0x00000000d5c00000,0x00000000dab80000,0x00000000dab80000)
  from space 7168K, 35% used [0x00000000db680000,0x00000000db8f99a8,0x00000000dbd80000)
  to   space 9216K, 0% used [0x00000000dab80000,0x00000000dab80000,0x00000000db480000)
 ParOldGen       total 146432K, used 105388K [0x0000000081400000, 0x000000008a300000, 0x00000000d5c00000)
  object space 146432K, 71% used [0x0000000081400000,0x0000000087aeb0e0,0x000000008a300000)
 Metaspace       used 56194K, capacity 59278K, committed 59568K, reserved 1099776K
  class space    used 7693K, capacity 8331K, committed 8368K, reserved 1048576K
Event: 9.763 GC heap after
Heap after GC invocations=45 (full 6):
 PSYoungGen      total 90624K, used 3283K [0x00000000d5c00000, 0x00000000dc080000, 0x0000000100000000)
  eden space 81408K, 0% used [0x00000000d5c00000,0x00000000d5c00000,0x00000000dab80000)
  from space 9216K, 35% used [0x00000000dab80000,0x00000000daeb4c50,0x00000000db480000)
  to   space 8704K, 0% used [0x00000000db800000,0x00000000db800000,0x00000000dc080000)
 ParOldGen       total 146432K, used 105396K [0x0000000081400000, 0x000000008a300000, 0x00000000d5c00000)
  object space 146432K, 71% used [0x0000000081400000,0x0000000087aed0e0,0x000000008a300000)
 Metaspace       used 56194K, capacity 59278K, committed 59568K, reserved 1099776K
  class space    used 7693K, capacity 8331K, committed 8368K, reserved 1048576K
}
Event: 10.214 GC heap before
{Heap before GC invocations=46 (full 6):
 PSYoungGen      total 90624K, used 84691K [0x00000000d5c00000, 0x00000000dc080000, 0x0000000100000000)
  eden space 81408K, 100% used [0x00000000d5c00000,0x00000000dab80000,0x00000000dab80000)
  from space 9216K, 35% used [0x00000000dab80000,0x00000000daeb4c50,0x00000000db480000)
  to   space 8704K, 0% used [0x00000000db800000,0x00000000db800000,0x00000000dc080000)
 ParOldGen       total 146432K, used 105396K [0x0000000081400000, 0x000000008a300000, 0x00000000d5c00000)
  object space 146432K, 71% used [0x0000000081400000,0x0000000087aed0e0,0x000000008a300000)
 Metaspace       used 58852K, capacity 61902K, committed 62128K, reserved 1101824K
  class space    used 8128K, capacity 8765K, committed 8880K, reserved 1048576K
Event: 10.223 GC heap after
Heap after GC invocations=46 (full 6):
 PSYoungGen      total 93184K, used 7886K [0x00000000d5c00000, 0x00000000dc280000, 0x0000000100000000)
  eden space 84480K, 0% used [0x00000000d5c00000,0x00000000d5c00000,0x00000000dae80000)
  from space 8704K, 90% used [0x00000000db800000,0x00000000dbfb3848,0x00000000dc080000)
  to   space 9728K, 0% used [0x00000000dae80000,0x00000000dae80000,0x00000000db800000)
 ParOldGen       total 146432K, used 105404K [0x0000000081400000, 0x000000008a300000, 0x00000000d5c00000)
  object space 146432K, 71% used [0x0000000081400000,0x0000000087aef0e0,0x000000008a300000)
 Metaspace       used 58852K, capacity 61902K, committed 62128K, reserved 1101824K
  class space    used 8128K, capacity 8765K, committed 8880K, reserved 1048576K
}
Event: 11.068 GC heap before
{Heap before GC invocations=47 (full 6):
 PSYoungGen      total 93184K, used 92366K [0x00000000d5c00000, 0x00000000dc280000, 0x0000000100000000)
  eden space 84480K, 100% used [0x00000000d5c00000,0x00000000dae80000,0x00000000dae80000)
  from space 8704K, 90% used [0x00000000db800000,0x00000000dbfb3848,0x00000000dc080000)
  to   space 9728K, 0% used [0x00000000dae80000,0x00000000dae80000,0x00000000db800000)
 ParOldGen       total 146432K, used 105404K [0x0000000081400000, 0x000000008a300000, 0x00000000d5c00000)
  object space 146432K, 71% used [0x0000000081400000,0x0000000087aef0e0,0x000000008a300000)
 Metaspace       used 64378K, capacity 67614K, committed 67760K, reserved 1107968K
  class space    used 8952K, capacity 9633K, committed 9648K, reserved 1048576K
Event: 11.080 GC heap after
Heap after GC invocations=47 (full 6):
 PSYoungGen      total 94208K, used 9701K [0x00000000d5c00000, 0x00000000dca00000, 0x0000000100000000)
  eden space 84480K, 0% used [0x00000000d5c00000,0x00000000d5c00000,0x00000000dae80000)
  from space 9728K, 99% used [0x00000000dae80000,0x00000000db7f96f0,0x00000000db800000)
  to   space 12288K, 0% used [0x00000000dbe00000,0x00000000dbe00000,0x00000000dca00000)
 ParOldGen       total 146432K, used 108095K [0x0000000081400000, 0x000000008a300000, 0x00000000d5c00000)
  object space 146432K, 73% used [0x0000000081400000,0x0000000087d8fe60,0x000000008a300000)
 Metaspace       used 64378K, capacity 67614K, committed 67760K, reserved 1107968K
  class space    used 8952K, capacity 9633K, committed 9648K, reserved 1048576K
}
Event: 12.538 GC heap before
{Heap before GC invocations=48 (full 6):
 PSYoungGen      total 94208K, used 94181K [0x00000000d5c00000, 0x00000000dca00000, 0x0000000100000000)
  eden space 84480K, 100% used [0x00000000d5c00000,0x00000000dae80000,0x00000000dae80000)
  from space 9728K, 99% used [0x00000000dae80000,0x00000000db7f96f0,0x00000000db800000)
  to   space 12288K, 0% used [0x00000000dbe00000,0x00000000dbe00000,0x00000000dca00000)
 ParOldGen       total 146432K, used 108095K [0x0000000081400000, 0x000000008a300000, 0x00000000d5c00000)
  object space 146432K, 73% used [0x0000000081400000,0x0000000087d8fe60,0x000000008a300000)
 Metaspace       used 67338K, capacity 70738K, committed 70960K, reserved 1110016K
  class space    used 9300K, capacity 10013K, committed 10032K, reserved 1048576K
Event: 12.557 GC heap after
Heap after GC invocations=48 (full 6):
 PSYoungGen      total 96768K, used 12281K [0x00000000d5c00000, 0x00000000dca00000, 0x0000000100000000)
  eden space 84480K, 0% used [0x00000000d5c00000,0x00000000d5c00000,0x00000000dae80000)
  from space 12288K, 99% used [0x00000000dbe00000,0x00000000dc9fe7a0,0x00000000dca00000)
  to   space 9728K, 0% used [0x00000000dae80000,0x00000000dae80000,0x00000000db800000)
 ParOldGen       total 146432K, used 124615K [0x0000000081400000, 0x000000008a300000, 0x00000000d5c00000)
  object space 146432K, 85% used [0x0000000081400000,0x0000000088db1dc8,0x000000008a300000)
 Metaspace       used 67338K, capacity 70738K, committed 70960K, reserved 1110016K
  class space    used 9300K, capacity 10013K, committed 10032K, reserved 1048576K
}
Event: 12.557 GC heap before
{Heap before GC invocations=49 (full 7):
 PSYoungGen      total 96768K, used 12281K [0x00000000d5c00000, 0x00000000dca00000, 0x0000000100000000)
  eden space 84480K, 0% used [0x00000000d5c00000,0x00000000d5c00000,0x00000000dae80000)
  from space 12288K, 99% used [0x00000000dbe00000,0x00000000dc9fe7a0,0x00000000dca00000)
  to   space 9728K, 0% used [0x00000000dae80000,0x00000000dae80000,0x00000000db800000)
 ParOldGen       total 146432K, used 124615K [0x0000000081400000, 0x000000008a300000, 0x00000000d5c00000)
  object space 146432K, 85% used [0x0000000081400000,0x0000000088db1dc8,0x000000008a300000)
 Metaspace       used 67338K, capacity 70738K, committed 70960K, reserved 1110016K
  class space    used 9300K, capacity 10013K, committed 10032K, reserved 1048576K
Event: 12.713 GC heap after
Heap after GC invocations=49 (full 7):
 PSYoungGen      total 96768K, used 0K [0x00000000d5c00000, 0x00000000dca00000, 0x0000000100000000)
  eden space 84480K, 0% used [0x00000000d5c00000,0x00000000d5c00000,0x00000000dae80000)
  from space 12288K, 0% used [0x00000000dbe00000,0x00000000dbe00000,0x00000000dca00000)
  to   space 9728K, 0% used [0x00000000dae80000,0x00000000dae80000,0x00000000db800000)
 ParOldGen       total 146432K, used 128785K [0x0000000081400000, 0x000000008a300000, 0x00000000d5c00000)
  object space 146432K, 87% used [0x0000000081400000,0x00000000891c4418,0x000000008a300000)
 Metaspace       used 67316K, capacity 70686K, committed 70960K, reserved 1110016K
  class space    used 9292K, capacity 9999K, committed 10032K, reserved 1048576K
}

Deoptimization events (10 events):
Event: 12.446 Thread 0x000000001e698000 Uncommon trap: reason=unreached action=reinterpret pc=0x00000000048d68d8 method=java.lang.invoke.MethodType$ConcurrentWeakInternSet.add(Ljava/lang/Object;)Ljava/lang/Object; @ 47
Event: 12.447 Thread 0x000000001e698800 Uncommon trap: reason=unreached action=reinterpret pc=0x00000000048d68d8 method=java.lang.invoke.MethodType$ConcurrentWeakInternSet.add(Ljava/lang/Object;)Ljava/lang/Object; @ 47
Event: 12.457 Thread 0x000000001e698800 Uncommon trap: reason=class_check action=maybe_recompile pc=0x0000000004c8bdc4 method=sun.util.calendar.BaseCalendar.getFixedDate(IIILsun/util/calendar/BaseCalendar$Date;)J @ 100
Event: 12.459 Thread 0x000000001e698800 Uncommon trap: reason=class_check action=maybe_recompile pc=0x0000000004c8bdc4 method=sun.util.calendar.BaseCalendar.getFixedDate(IIILsun/util/calendar/BaseCalendar$Date;)J @ 100
Event: 12.460 Thread 0x000000001e696800 Uncommon trap: reason=class_check action=maybe_recompile pc=0x0000000004c8bdc4 method=sun.util.calendar.BaseCalendar.getFixedDate(IIILsun/util/calendar/BaseCalendar$Date;)J @ 100
Event: 12.468 Thread 0x00000000037e2800 Uncommon trap: reason=class_check action=maybe_recompile pc=0x0000000004c8bdc4 method=sun.util.calendar.BaseCalendar.getFixedDate(IIILsun/util/calendar/BaseCalendar$Date;)J @ 100
Event: 12.475 Thread 0x000000001e696800 Uncommon trap: reason=unreached action=reinterpret pc=0x0000000003bf3828 method=java.lang.AbstractStringBuilder.append(Ljava/lang/String;)Ljava/lang/AbstractStringBuilder; @ 1
Event: 12.475 Thread 0x000000001e698000 Uncommon trap: reason=unreached action=reinterpret pc=0x0000000003bf3828 method=java.lang.AbstractStringBuilder.append(Ljava/lang/String;)Ljava/lang/AbstractStringBuilder; @ 1
Event: 12.475 Thread 0x000000001e698800 Uncommon trap: reason=unreached action=reinterpret pc=0x0000000003bf3828 method=java.lang.AbstractStringBuilder.append(Ljava/lang/String;)Ljava/lang/AbstractStringBuilder; @ 1
Event: 12.476 Thread 0x000000001e696800 Uncommon trap: reason=unreached action=reinterpret pc=0x0000000003bd83ec method=java.lang.AbstractStringBuilder.append(Ljava/lang/String;)Ljava/lang/AbstractStringBuilder; @ 1

Internal exceptions (10 events):
Event: 12.476 Thread 0x000000001e696800 Exception <a 'java/security/PrivilegedActionException'> (0x00000000dad626f8) thrown at [C:\re\workspace\8-2-build-windows-amd64-cygwin\jdk8u11\648\hotspot\src\share\vm\prims\jvm.cpp, line 1248]
Event: 12.476 Thread 0x000000001e696800 Exception <a 'java/security/PrivilegedActionException'> (0x00000000dad9f198) thrown at [C:\re\workspace\8-2-build-windows-amd64-cygwin\jdk8u11\648\hotspot\src\share\vm\prims\jvm.cpp, line 1248]
Event: 12.476 Thread 0x000000001e698000 Exception <a 'java/security/PrivilegedActionException'> (0x00000000dad44490) thrown at [C:\re\workspace\8-2-build-windows-amd64-cygwin\jdk8u11\648\hotspot\src\share\vm\prims\jvm.cpp, line 1248]
Event: 12.476 Thread 0x000000001e696800 Exception <a 'java/lang/ClassNotFoundException': org.elasticsearch.transport.netty4.Netty4Transport$$Lambda$1008/9539718> (0x00000000dad9f598) thrown at [C:\re\workspace\8-2-build-windows-amd64-cygwin\jdk8u11\648\hotspot\src\share\vm\prims\jni.cpp, line 74…ŸÒÛ(@
Event: 12.476 Thread 0x000000001e696800 Implicit null exception at 0x0000000003bd8096 to 0x0000000003bd83d5
Event: 12.477 Thread 0x000000001e698000 Exception <a 'java/security/PrivilegedActionException'> (0x00000000dadbf068) thrown at [C:\re\workspace\8-2-build-windows-amd64-cygwin\jdk8u11\648\hotspot\src\share\vm\prims\jvm.cpp, line 1248]
Event: 12.477 Thread 0x000000001e698000 Exception <a 'java/lang/ClassNotFoundException': org.elasticsearch.transport.netty4.Netty4Transport$$Lambda$1008/9539718> (0x00000000dadbf468) thrown at [C:\re\workspace\8-2-build-windows-amd64-cygwin\jdk8u11\648\hotspot\src\share\vm\prims\jni.cpp, line 74AM∫{Ù(@
Event: 12.477 Thread 0x000000001e698800 Exception <a 'java/security/PrivilegedActionException'> (0x00000000dad81830) thrown at [C:\re\workspace\8-2-build-windows-amd64-cygwin\jdk8u11\648\hotspot\src\share\vm\prims\jvm.cpp, line 1248]
Event: 12.478 Thread 0x000000001e698800 Exception <a 'java/security/PrivilegedActionException'> (0x00000000dadf6c38) thrown at [C:\re\workspace\8-2-build-windows-amd64-cygwin\jdk8u11\648\hotspot\src\share\vm\prims\jvm.cpp, line 1248]
Event: 12.478 Thread 0x000000001e698800 Exception <a 'java/lang/ClassNotFoundException': org.elasticsearch.transport.netty4.Netty4Transport$$Lambda$1008/9539718> (0x00000000dadf7038) thrown at [C:\re\workspace\8-2-build-windows-amd64-cygwin\jdk8u11\648\hotspot\src\share\vm\prims\jni.cpp, line 74∂ÓâÛ(@

Events (10 events):
Event: 12.475 Thread 0x000000001e696800 DEOPT UNPACKING pc=0x0000000003a255af sp=0x000000002464d6d0 mode 2
Event: 12.476 Thread 0x000000001e696800 Uncommon trap: trap_request=0xffffffad fr.pc=0x0000000003bd83ec
Event: 12.476 Thread 0x000000001e696800 DEOPT PACKING pc=0x0000000003bd83ec sp=0x000000002464d780
Event: 12.476 Thread 0x000000001e696800 DEOPT UNPACKING pc=0x0000000003a255af sp=0x000000002464d760 mode 2
Event: 12.538 Executing VM operation: ParallelGCFailedAllocation
Event: 12.713 Executing VM operation: ParallelGCFailedAllocation done
Event: 12.714 Executing VM operation: RevokeBias
Event: 12.714 Executing VM operation: RevokeBias done
Event: 12.714 Executing VM operation: RevokeBias
Event: 12.758 Executing VM operation: RevokeBias done


Dynamic libraries:
0x00007ff66b900000 - 0x00007ff66b934000 	D:\Java\bin\java.exe
0x00007ffe41ad0000 - 0x00007ffe41cb1000 	C:\WINDOWS\SYSTEM32\ntdll.dll
0x00007ffe3fad0000 - 0x00007ffe3fb82000 	C:\WINDOWS\System32\KERNEL32.DLL
0x00007ffe3ea00000 - 0x00007ffe3ec73000 	C:\WINDOWS\System32\KERNELBASE.dll
0x00007ffe3f700000 - 0x00007ffe3f7a1000 	C:\WINDOWS\System32\ADVAPI32.dll
0x00007ffe418a0000 - 0x00007ffe4193e000 	C:\WINDOWS\System32\msvcrt.dll
0x00007ffe3f940000 - 0x00007ffe3f99b000 	C:\WINDOWS\System32\sechost.dll
0x00007ffe3f9a0000 - 0x00007ffe3fac4000 	C:\WINDOWS\System32\RPCRT4.dll
0x00007ffe40220000 - 0x00007ffe403b0000 	C:\WINDOWS\System32\USER32.dll
0x00007ffe3dea0000 - 0x00007ffe3dec0000 	C:\WINDOWS\System32\win32u.dll
0x00007ffe3f830000 - 0x00007ffe3f858000 	C:\WINDOWS\System32\GDI32.dll
0x00007ffe3e860000 - 0x00007ffe3e9f2000 	C:\WINDOWS\System32\gdi32full.dll
0x00007ffe3eec0000 - 0x00007ffe3ef5f000 	C:\WINDOWS\System32\msvcp_win.dll
0x00007ffe3e760000 - 0x00007ffe3e85a000 	C:\WINDOWS\System32\ucrtbase.dll
0x00007ffe31b90000 - 0x00007ffe31df9000 	C:\WINDOWS\WinSxS\amd64_microsoft.windows.common-controls_6595b64144ccf1df_6.0.17134.523_none_fb409dd930672a56\COMCTL32.dll
0x00007ffe3ef60000 - 0x00007ffe3f282000 	C:\WINDOWS\System32\combase.dll
0x00007ffe3e680000 - 0x00007ffe3e6fa000 	C:\WINDOWS\System32\bcryptPrimitives.dll
0x00007ffe401f0000 - 0x00007ffe4021d000 	C:\WINDOWS\System32\IMM32.DLL
0x0000000057cb0000 - 0x0000000057d82000 	D:\Java\jre\bin\msvcr100.dll
0x0000000057480000 - 0x0000000057caa000 	D:\Java\jre\bin\server\jvm.dll
0x00007ffe3fb90000 - 0x00007ffe3fb98000 	C:\WINDOWS\System32\PSAPI.DLL
0x00007ffe25c70000 - 0x00007ffe25c79000 	C:\WINDOWS\SYSTEM32\WSOCK32.dll
0x00007ffe41a30000 - 0x00007ffe41a9c000 	C:\WINDOWS\System32\WS2_32.dll
0x00007ffe396c0000 - 0x00007ffe396e3000 	C:\WINDOWS\SYSTEM32\WINMM.dll
0x00007ffe391d0000 - 0x00007ffe391fa000 	C:\WINDOWS\SYSTEM32\winmmbase.dll
0x00007ffe3ee70000 - 0x00007ffe3eeb9000 	C:\WINDOWS\System32\cfgmgr32.dll
0x0000000057470000 - 0x000000005747f000 	D:\Java\jre\bin\verify.dll
0x0000000057440000 - 0x0000000057468000 	D:\Java\jre\bin\java.dll
0x00000000573f0000 - 0x0000000057413000 	D:\Java\jre\bin\instrument.dll
0x0000000057420000 - 0x0000000057436000 	D:\Java\jre\bin\zip.dll
0x00007ffe40460000 - 0x00007ffe418a0000 	C:\WINDOWS\System32\SHELL32.dll
0x00007ffe403b0000 - 0x00007ffe40459000 	C:\WINDOWS\System32\shcore.dll
0x00007ffe3df70000 - 0x00007ffe3e67d000 	C:\WINDOWS\System32\windows.storage.dll
0x00007ffe3f870000 - 0x00007ffe3f8c1000 	C:\WINDOWS\System32\shlwapi.dll
0x00007ffe3de60000 - 0x00007ffe3de71000 	C:\WINDOWS\System32\kernel.appcore.dll
0x00007ffe3de80000 - 0x00007ffe3de9f000 	C:\WINDOWS\System32\profapi.dll
0x00007ffe3de10000 - 0x00007ffe3de5c000 	C:\WINDOWS\System32\powrprof.dll
0x00007ffe3dde0000 - 0x00007ffe3ddea000 	C:\WINDOWS\System32\FLTLIB.DLL
0x00007ffe3a770000 - 0x00007ffe3a78a000 	D:\IntelliJ IDEA 2018.3.1\bin\breakgen64.dll
0x00000000573d0000 - 0x00000000573ea000 	D:\Java\jre\bin\net.dll
0x00007ffe3d660000 - 0x00007ffe3d6c6000 	C:\WINDOWS\system32\mswsock.dll
0x00000000573b0000 - 0x00000000573c1000 	D:\Java\jre\bin\nio.dll
0x00007ffe3d3e0000 - 0x00007ffe3d418000 	C:\WINDOWS\SYSTEM32\IPHLPAPI.DLL
0x00007ffe3f8d0000 - 0x00007ffe3f8d8000 	C:\WINDOWS\System32\NSI.dll
0x00007ffe38600000 - 0x00007ffe38616000 	C:\WINDOWS\SYSTEM32\dhcpcsvc6.DLL
0x00007ffe385c0000 - 0x00007ffe385da000 	C:\WINDOWS\SYSTEM32\dhcpcsvc.DLL
0x00007ffe3d420000 - 0x00007ffe3d4de000 	C:\WINDOWS\SYSTEM32\DNSAPI.dll
0x00007ffe37940000 - 0x00007ffe3794a000 	C:\Windows\System32\rasadhlp.dll
0x00007ffe36a80000 - 0x00007ffe36af2000 	C:\WINDOWS\System32\fwpuclnt.dll
0x00007ffe3d940000 - 0x00007ffe3d965000 	C:\WINDOWS\SYSTEM32\bcrypt.dll
0x00000000573a0000 - 0x00000000573ad000 	D:\Java\jre\bin\management.dll
0x00007ffe25f90000 - 0x00007ffe25fa6000 	C:\WINDOWS\system32\napinsp.dll
0x00007ffe25eb0000 - 0x00007ffe25eca000 	C:\WINDOWS\system32\pnrpnsp.dll
0x00007ffe3ab10000 - 0x00007ffe3ab29000 	C:\WINDOWS\system32\NLAapi.dll
0x00007ffe25ea0000 - 0x00007ffe25eae000 	C:\WINDOWS\System32\winrnr.dll
0x00007ffe24c10000 - 0x00007ffe24c25000 	C:\WINDOWS\System32\wshbth.dll
0x00007ffe3d810000 - 0x00007ffe3d827000 	C:\WINDOWS\SYSTEM32\CRYPTSP.dll
0x00007ffe3d240000 - 0x00007ffe3d273000 	C:\WINDOWS\system32\rsaenh.dll
0x00007ffe3dce0000 - 0x00007ffe3dd08000 	C:\WINDOWS\SYSTEM32\USERENV.dll
0x00007ffe3d830000 - 0x00007ffe3d83b000 	C:\WINDOWS\SYSTEM32\CRYPTBASE.dll
0x0000000057370000 - 0x0000000057394000 	D:\Java\jre\bin\sunec.dll
0x00007ffe25cd0000 - 0x00007ffe25e99000 	C:\WINDOWS\SYSTEM32\dbghelp.dll

VM Arguments:
jvm_args: -ea -Didea.test.cyclic.buffer.size=1048576 -javaagent:D:\IntelliJ IDEA 2018.3.1\lib\idea_rt.jar=52347:D:\IntelliJ IDEA 2018.3.1\bin -Dfile.encoding=UTF-8 
java_command: com.intellij.rt.execution.junit.JUnitStarter -ideVersion5 -junit4 @w@C:\TMP\idea_working_dirs_junit.tmp @C:\TMP\idea_junit.tmp
java_class_path (initial): D:\IntelliJ IDEA 2018.3.1\lib\idea_rt.jar;D:\IntelliJ IDEA 2018.3.1\plugins\junit\lib\junit-rt.jar;D:\IntelliJ IDEA 2018.3.1\plugins\junit\lib\junit5-rt.jar;D:\Java\jre\lib\charsets.jar;D:\Java\jre\lib\deploy.jar;D:\Java\jre\lib\ext\access-bridge-64.jar;D:\Java\jre\lib\ext\cldrdata.jar;D:\Java\jre\lib\ext\dnsns.jar;D:\Java\jre\lib\ext\jaccess.jar;D:\Java\jre\lib\ext\jfxrt.jar;D:\Java\jre\lib\ext\localedata.jar;D:\Java\jre\lib\ext\nashorn.jar;D:\Java\jre\lib\ext\sunec.jar;D:\Java\jre\lib\ext\sunjce_provider.jar;D:\Java\jre\lib\ext\sunmscapi.jar;D:\Java\jre\lib\ext\sunpkcs11.jar;D:\Java\jre\lib\ext\zipfs.jar;D:\Java\jre\lib\javaws.jar;D:\Java\jre\lib\jce.jar;D:\Java\jre\lib\jfr.jar;D:\Java\jre\lib\jfxswt.jar;D:\Java\jre\lib\jsse.jar;D:\Java\jre\lib\management-agent.jar;D:\Java\jre\lib\plugin.jar;D:\Java\jre\lib\resources.jar;D:\Java\jre\lib\rt.jar;D:\Program Files\IdeaWorkSpace\leyou\ly-search\target\test-classes;D:\Program Files\IdeaWorkSpace\leyou\ly-search\target\classes;D:\repository\org\springframework\cloud\spring-cloud-starter-netflix-eureka-client\2.0.1.RELEASE\spring-cloud-starter-netflix-eureka-client-2.0.1.RELEASE.jar;D:\repository\org\springframework\cloud\spring-cloud-starter\2.0.1.RELEASE\spring-cloud-starter-2.0.1.RELEASE.jar;D:\repository\org\springframework\cloud\spring-cloud-context\2.0.1.RELEASE\spring-cloud-context-2.0.1.RELEASE.jar;D:\repository\org\springframework\security\spring-security-rsa\1.0.5.RELEASE\spring-security-rsa-1.0.5.RELEASE.jar;D:\repository\org\bouncycastle\bcpkix-jdk15on\1.56\bcpkix-jdk15on-1.56.jar;D:\repository\org\bouncycastle\bcprov-jdk15on\1.56\bcprov-jdk15on-1.56.jar;D:\repository\org\springframework\cloud\spring-cloud-netflix-core\2.0.1.RELEASE\spring-cloud-netflix-core-2.0.1.RELEASE.jar;D:\repository\org\springframework\boot\spring-boot-autoconfigure\2.0.4.RELEASE\spring-boot-autoconfigure-2.0.4.RELEASE.jar;D:\repository\org\springframework\boot\spring-boot-starter-aop\2.0.4.RELEASE\spring-bo
Launcher Type: SUN_STANDARD

Environment Variables:
JAVA_HOME=D:\Java
PATH=C:\Program Files (x86)\Common Files\Intel\Shared Libraries\redist\intel64\compiler;C:\Program Files (x86)\Common Files\Intel\Shared Files\cpp\bin\Intel64;C:\Program Files (x86)\Intel\iCLS Client\;C:\Program Files\Intel\iCLS Client\;C:\Windows\system32;C:\Windows;C:\Windows\System32\Wbem;C:\Windows\System32\WindowsPowerShell\v1.0\;C:\Program Files (x86)\NVIDIA Corporation\PhysX\Common;C:\Program Files (x86)\Intel\Intel(R) Management Engine Components\DAL;C:\Program Files\Intel\Intel(R) Management Engine Components\DAL;C:\Program Files (x86)\Intel\Intel(R) Management Engine Components\IPT;C:\Program Files\Intel\Intel(R) Management Engine Components\IPT;C:\Program Files\Intel\WiFi\bin\;C:\Program Files\Common Files\Intel\WirelessCommon\;D:\jdk\bin;D:\ecl\HOME;D:\ecl\MACROS;D:\Program Files\Pr\QuickTime\QTSystem\;C:\Program Files\Common Files\Autodesk Shared\;D:\Java\bin;D:\Java\jre\bin;;C:\WINDOWS\system32;C:\WINDOWS;C:\WINDOWS\System32\Wbem;C:\WINDOWS\System32\WindowsPowerShell\v1.0\;C:\WINDOWS\System32\OpenSSH\;D:\MySQL\bin;D:\Program Files\nodejs\;D:\mysql-8.0.13-winx64\bin;C:\Users\œÚ‰Ï\AppData\Local\Microsoft\WindowsApps;;D:\IntelliJ IDEA 2018.3.1\bin;;D:\Program Files;C:\Users\œÚ‰Ï\AppData\Roaming\npm
USERNAME=œÚ‰Ï
OS=Windows_NT
PROCESSOR_IDENTIFIER=Intel64 Family 6 Model 158 Stepping 9, GenuineIntel



---------------  S Y S T E M  ---------------

OS: Windows 8.1 , 64 bit Build 9600 

CPU:total 8 (4 cores per cpu, 2 threads per core) family 6 model 158 stepping 9, cmov, cx8, fxsr, mmx, sse, sse2, sse3, ssse3, sse4.1, sse4.2, popcnt, avx, avx2, aes, clmul, erms, ht, tsc, tscinvbit

Memory: 4k page, physical 8306520k(677564k free), swap 12402520k(3440k free)

vm_info: Java HotSpot(TM) 64-Bit Server VM (25.11-b03) for windows-amd64 JRE (1.8.0_11-b12), built on Jun 16 2014 20:57:32 by "java_re" with MS VC++ 10.0 (VS2010)

time: Mon Jan 21 17:01:15 2019
elapsed time: 12 seconds

